{"meta": {"format": 3, "version": "7.7.1", "timestamp": "2026-04-05T22:47:19.166437", "branch_coverage": false, "show_contexts": false}, "files": {"src/__init__.py": {"executed_lines": [0], "summary": {"covered_lines": 0, "num_statements": 0, "percent_covered": 100.0, "percent_covered_display": "100", "missing_lines": 0, "excluded_lines": 0}, "missing_lines": [], "excluded_lines": [], "functions": {"": {"executed_lines": [], "summary": {"covered_lines": 0, "num_statements": 0, "percent_covered": 100.0, "percent_covered_display": "100", "missing_lines": 0, "excluded_lines": 0}, "missing_lines": [], "excluded_lines": []}}, "classes": {"": {"executed_lines": [], "summary": {"covered_lines": 0, "num_statements": 0, "percent_covered": 100.0, "percent_covered_display": "100", "missing_lines": 0, "excluded_lines": 0}, "missing_lines": [], "excluded_lines": []}}}, "src/api/__init__.py": {"executed_lines": [0], "summary": {"covered_lines": 0, "num_statements": 0, "percent_covered": 100.0, "percent_covered_display": "100", "missing_lines": 0, "excluded_lines": 0}, "missing_lines": [], "excluded_lines": [], "functions": {"": {"executed_lines": [], "summary": {"covered_lines": 0, "num_statements": 0, "percent_covered": 100.0, "percent_covered_display": "100", "missing_lines": 0, "excluded_lines": 0}, "missing_lines": [], "excluded_lines": []}}, "classes": {"": {"executed_lines": [], "summary": {"covered_lines": 0, "num_statements": 0, "percent_covered": 100.0, "percent_covered_display": "100", "missing_lines": 0, "excluded_lines": 0}, "missing_lines": [], "excluded_lines": []}}}, "src/api/auth.py": {"executed_lines": [1, 7, 8, 9, 11, 12, 13, 14, 16, 18, 20, 22, 25, 26, 29, 31, 32, 35, 37, 38, 41, 43, 44, 50, 53, 55, 56, 57, 58, 59, 60, 61, 64, 66, 67, 68, 69, 70, 71, 74, 79, 80, 81, 83, 86, 88, 89, 90, 91, 93, 94, 95, 96], "summary": {"covered_lines": 52, "num_statements": 54, "percent_covered": 96.29629629629629, "percent_covered_display": "96", "missing_lines": 2, "excluded_lines": 0}, "missing_lines": [82, 92], "excluded_lines": [], "functions": {"is_enabled": {"executed_lines": [26], "summary": {"covered_lines": 1, "num_statements": 1, "percent_covered": 100.0, "percent_covered_display": "100", "missing_lines": 0, "excluded_lines": 0}, "missing_lines": [], "excluded_lines": []}, "hash_password": {"executed_lines": [31, 32], "summary": {"covered_lines": 2, "num_statements": 2, "percent_covered": 100.0, "percent_covered_display": "100", "missing_lines": 0, "excluded_lines": 0}, "missing_lines": [], "excluded_lines": []}, "verify_password": {"executed_lines": [37, 38], "summary": {"covered_lines": 2, "num_statements": 2, "percent_covered": 100.0, "percent_covered_display": "100", "missing_lines": 0, "excluded_lines": 0}, "missing_lines": [], "excluded_lines": []}, "create_token": {"executed_lines": [43, 44, 50], "summary": {"covered_lines": 3, "num_statements": 3, "percent_covered": 100.0, "percent_covered_display": "100", "missing_lines": 0, "excluded_lines": 0}, "missing_lines": [], "excluded_lines": []}, "decode_token": {"executed_lines": [55, 56, 57, 58, 59, 60, 61], "summary": {"covered_lines": 7, "num_statements": 7, "percent_covered": 100.0, "percent_covered_display": "100", "missing_lines": 0, "excluded_lines": 0}, "missing_lines": [], "excluded_lines": []}, "authenticate_user": {"executed_lines": [66, 67, 68, 69, 70, 71], "summary": {"covered_lines": 6, "num_statements": 6, "percent_covered": 100.0, "percent_covered_display": "100", "missing_lines": 0, "excluded_lines": 0}, "missing_lines": [], "excluded_lines": []}, "get_current_user": {"executed_lines": [79, 80, 81, 83], "summary": {"covered_lines": 4, "num_statements": 5, "percent_covered": 80.0, "percent_covered_display": "80", "missing_lines": 1, "excluded_lines": 0}, "missing_lines": [82], "excluded_lines": []}, "require_role": {"executed_lines": [88, 96], "summary": {"covered_lines": 2, "num_statements": 2, "percent_covered": 100.0, "percent_covered_display": "100", "missing_lines": 0, "excluded_lines": 0}, "missing_lines": [], "excluded_lines": []}, "require_role._check": {"executed_lines": [89, 90, 91, 93, 94, 95], "summary": {"covered_lines": 6, "num_statements": 7, "percent_covered": 85.71428571428571, "percent_covered_display": "86", "missing_lines": 1, "excluded_lines": 0}, "missing_lines": [92], "excluded_lines": []}, "": {"executed_lines": [1, 7, 8, 9, 11, 12, 13, 14, 16, 18, 20, 22, 25, 29, 35, 41, 53, 64, 74, 86], "summary": {"covered_lines": 19, "num_statements": 19, "percent_covered": 100.0, "percent_covered_display": "100", "missing_lines": 0, "excluded_lines": 0}, "missing_lines": [], "excluded_lines": []}}, "classes": {"": {"executed_lines": [1, 7, 8, 9, 11, 12, 13, 14, 16, 18, 20, 22, 25, 26, 29, 31, 32, 35, 37, 38, 41, 43, 44, 50, 53, 55, 56, 57, 58, 59, 60, 61, 64, 66, 67, 68, 69, 70, 71, 74, 79, 80, 81, 83, 86, 88, 89, 90, 91, 93, 94, 95, 96], "summary": {"covered_lines": 52, "num_statements": 54, "percent_covered": 96.29629629629629, "percent_covered_display": "96", "missing_lines": 2, "excluded_lines": 0}, "missing_lines": [82, 92], "excluded_lines": []}}}, "src/api/database.py": {"executed_lines": [1, 3, 4, 6, 7, 9, 10, 13, 21, 35], "summary": {"covered_lines": 9, "num_statements": 24, "percent_covered": 37.5, "percent_covered_display": "38", "missing_lines": 15, "excluded_lines": 0}, "missing_lines": [15, 16, 17, 18, 23, 24, 25, 26, 27, 28, 29, 31, 32, 36, 37], "excluded_lines": [], "functions": {"_run_alembic": {"executed_lines": [], "summary": {"covered_lines": 0, "num_statements": 4, "percent_covered": 0.0, "percent_covered_display": "0", "missing_lines": 4, "excluded_lines": 0}, "missing_lines": [15, 16, 17, 18], "excluded_lines": []}, "init_db": {"executed_lines": [], "summary": {"covered_lines": 0, "num_statements": 9, "percent_covered": 0.0, "percent_covered_display": "0", "missing_lines": 9, "excluded_lines": 0}, "missing_lines": [23, 24, 25, 26, 27, 28, 29, 31, 32], "excluded_lines": []}, "get_db": {"executed_lines": [], "summary": {"covered_lines": 0, "num_statements": 2, "percent_covered": 0.0, "percent_covered_display": "0", "missing_lines": 2, "excluded_lines": 0}, "missing_lines": [36, 37], "excluded_lines": []}, "": {"executed_lines": [1, 3, 4, 6, 7, 9, 10, 13, 21, 35], "summary": {"covered_lines": 9, "num_statements": 9, "percent_covered": 100.0, "percent_covered_display": "100", "missing_lines": 0, "excluded_lines": 0}, "missing_lines": [], "excluded_lines": []}}, "classes": {"": {"executed_lines": [1, 3, 4, 6, 7, 9, 10, 13, 21, 35], "summary": {"covered_lines": 9, "num_statements": 24, "percent_covered": 37.5, "percent_covered_display": "38", "missing_lines": 15, "excluded_lines": 0}, "missing_lines": [15, 16, 17, 18, 23, 24, 25, 26, 27, 28, 29, 31, 32, 36, 37], "excluded_lines": []}}}, "src/api/main.py": {"executed_lines": [1, 3, 4, 5, 7, 8, 9, 11, 12, 13, 14, 15, 16, 17, 18, 20, 21, 22, 25, 26, 41, 62, 69, 77, 90, 91, 94, 95, 97, 98, 99, 100, 103, 104], "summary": {"covered_lines": 33, "num_statements": 71, "percent_covered": 46.478873239436616, "percent_covered_display": "46", "missing_lines": 38, "excluded_lines": 0}, "missing_lines": [27, 28, 29, 32, 33, 35, 37, 38, 43, 44, 45, 46, 47, 48, 49, 50, 51, 52, 53, 54, 55, 56, 57, 58, 59, 78, 79, 80, 81, 82, 83, 84, 85, 86, 87, 105, 106, 107], "excluded_lines": [], "functions": {"lifespan": {"executed_lines": [], "summary": {"covered_lines": 0, "num_statements": 8, "percent_covered": 0.0, "percent_covered_display": "0", "missing_lines": 8, "excluded_lines": 0}, "missing_lines": [27, 28, 29, 32, 33, 35, 37, 38], "excluded_lines": []}, "_periodic_cleanup": {"executed_lines": [], "summary": {"covered_lines": 0, "num_statements": 17, "percent_covered": 0.0, "percent_covered_display": "0", "missing_lines": 17, "excluded_lines": 0}, "missing_lines": [43, 44, 45, 46, 47, 48, 49, 50, 51, 52, 53, 54, 55, 56, 57, 58, 59], "excluded_lines": []}, "auth_middleware": {"executed_lines": [], "summary": {"covered_lines": 0, "num_statements": 8, "percent_covered": 0.0, "percent_covered_display": "0", "missing_lines": 8, "excluded_lines": 0}, "missing_lines": [80, 81, 82, 83, 84, 85, 86, 87], "excluded_lines": []}, "health": {"executed_lines": [], "summary": {"covered_lines": 0, "num_statements": 3, "percent_covered": 0.0, "percent_covered_display": "0", "missing_lines": 3, "excluded_lines": 0}, "missing_lines": [105, 106, 107], "excluded_lines": []}, "": {"executed_lines": [1, 3, 4, 5, 7, 8, 9, 11, 12, 13, 14, 15, 16, 17, 18, 20, 21, 22, 25, 26, 41, 62, 69, 77, 90, 91, 94, 95, 97, 98, 99, 100, 103, 104], "summary": {"covered_lines": 33, "num_statements": 35, "percent_covered": 94.28571428571429, "percent_covered_display": "94", "missing_lines": 2, "excluded_lines": 0}, "missing_lines": [78, 79], "excluded_lines": []}}, "classes": {"": {"executed_lines": [1, 3, 4, 5, 7, 8, 9, 11, 12, 13, 14, 15, 16, 17, 18, 20, 21, 22, 25, 26, 41, 62, 69, 77, 90, 91, 94, 95, 97, 98, 99, 100, 103, 104], "summary": {"covered_lines": 33, "num_statements": 71, "percent_covered": 46.478873239436616, "percent_covered_display": "46", "missing_lines": 38, "excluded_lines": 0}, "missing_lines": [27, 28, 29, 32, 33, 35, 37, 38, 43, 44, 45, 46, 47, 48, 49, 50, 51, 52, 53, 54, 55, 56, 57, 58, 59, 78, 79, 80, 81, 82, 83, 84, 85, 86, 87, 105, 106, 107], "excluded_lines": []}}}, "src/api/metrics.py": {"executed_lines": [1, 7, 8, 9, 11, 13, 15, 18, 21, 33, 34, 35, 38, 54, 60, 62, 63, 97, 99, 100], "summary": {"covered_lines": 19, "num_statements": 71, "percent_covered": 26.760563380281692, "percent_covered_display": "27", "missing_lines": 52, "excluded_lines": 0}, "missing_lines": [23, 24, 25, 26, 27, 28, 29, 40, 41, 42, 43, 46, 49, 56, 57, 64, 65, 66, 67, 69, 71, 72, 73, 74, 75, 76, 77, 78, 81, 82, 83, 85, 86, 87, 88, 92, 101, 102, 103, 104, 105, 106, 108, 109, 110, 111, 112, 113, 114, 115, 116, 117], "excluded_lines": [], "functions": {"_get_prometheus": {"executed_lines": [], "summary": {"covered_lines": 0, "num_statements": 7, "percent_covered": 0.0, "percent_covered_display": "0", "missing_lines": 7, "excluded_lines": 0}, "missing_lines": [23, 24, 25, 26, 27, 28, 29], "excluded_lines": []}, "_init_metrics": {"executed_lines": [], "summary": {"covered_lines": 0, "num_statements": 6, "percent_covered": 0.0, "percent_covered_display": "0", "missing_lines": 6, "excluded_lines": 0}, "missing_lines": [40, 41, 42, 43, 46, 49], "excluded_lines": []}, "inc_alert": {"executed_lines": [], "summary": {"covered_lines": 0, "num_statements": 2, "percent_covered": 0.0, "percent_covered_display": "0", "missing_lines": 2, "excluded_lines": 0}, "missing_lines": [56, 57], "excluded_lines": []}, "setup_prometheus": {"executed_lines": [62, 63], "summary": {"covered_lines": 2, "num_statements": 12, "percent_covered": 16.666666666666668, "percent_covered_display": "17", "missing_lines": 10, "excluded_lines": 0}, "missing_lines": [64, 65, 66, 67, 69, 71, 72, 85, 86, 92], "excluded_lines": []}, "setup_prometheus.prometheus_middleware": {"executed_lines": [], "summary": {"covered_lines": 0, "num_statements": 9, "percent_covered": 0.0, "percent_covered_display": "0", "missing_lines": 9, "excluded_lines": 0}, "missing_lines": [73, 74, 75, 76, 77, 78, 81, 82, 83], "excluded_lines": []}, "setup_prometheus.metrics": {"executed_lines": [], "summary": {"covered_lines": 0, "num_statements": 2, "percent_covered": 0.0, "percent_covered_display": "0", "missing_lines": 2, "excluded_lines": 0}, "missing_lines": [87, 88], "excluded_lines": []}, "setup_otel": {"executed_lines": [99, 100], "summary": {"covered_lines": 2, "num_statements": 18, "percent_covered": 11.11111111111111, "percent_covered_display": "11", "missing_lines": 16, "excluded_lines": 0}, "missing_lines": [101, 102, 103, 104, 105, 106, 108, 109, 110, 111, 112, 113, 114, 115, 116, 117], "excluded_lines": []}, "": {"executed_lines": [1, 7, 8, 9, 11, 13, 15, 18, 21, 33, 34, 35, 38, 54, 60, 97], "summary": {"covered_lines": 15, "num_statements": 15, "percent_covered": 100.0, "percent_covered_display": "100", "missing_lines": 0, "excluded_lines": 0}, "missing_lines": [], "excluded_lines": []}}, "classes": {"": {"executed_lines": [1, 7, 8, 9, 11, 13, 15, 18, 21, 33, 34, 35, 38, 54, 60, 62, 63, 97, 99, 100], "summary": {"covered_lines": 19, "num_statements": 71, "percent_covered": 26.760563380281692, "percent_covered_display": "27", "missing_lines": 52, "excluded_lines": 0}, "missing_lines": [23, 24, 25, 26, 27, 28, 29, 40, 41, 42, 43, 46, 49, 56, 57, 64, 65, 66, 67, 69, 71, 72, 73, 74, 75, 76, 77, 78, 81, 82, 83, 85, 86, 87, 88, 92, 101, 102, 103, 104, 105, 106, 108, 109, 110, 111, 112, 113, 114, 115, 116, 117], "excluded_lines": []}}}, "src/api/models.py": {"executed_lines": [1, 3, 4, 5, 9, 11, 14, 15, 16, 17, 18, 21, 22, 23, 24, 25, 28, 29, 31, 32, 33, 34, 35, 36, 37, 40, 41, 44, 45, 46, 49, 50, 51, 54, 55, 56, 59, 62, 65, 66, 68, 71, 72, 74, 75, 76, 77, 78, 79, 80, 81, 82, 83, 85, 88, 89, 90, 92, 93, 94, 95, 96, 97, 98, 99, 102, 103, 104, 106, 107, 108, 109, 110, 111], "summary": {"covered_lines": 71, "num_statements": 71, "percent_covered": 100.0, "percent_covered_display": "100", "missing_lines": 0, "excluded_lines": 0}, "missing_lines": [], "excluded_lines": [], "functions": {"": {"executed_lines": [1, 3, 4, 5, 9, 11, 14, 15, 16, 17, 18, 21, 22, 23, 24, 25, 28, 29, 31, 32, 33, 34, 35, 36, 37, 40, 41, 44, 45, 46, 49, 50, 51, 54, 55, 56, 59, 62, 65, 66, 68, 71, 72, 74, 75, 76, 77, 78, 79, 80, 81, 82, 83, 85, 88, 89, 90, 92, 93, 94, 95, 96, 97, 98, 99, 102, 103, 104, 106, 107, 108, 109, 110, 111], "summary": {"covered_lines": 71, "num_statements": 71, "percent_covered": 100.0, "percent_covered_display": "100", "missing_lines": 0, "excluded_lines": 0}, "missing_lines": [], "excluded_lines": []}}, "classes": {"SeverityLevel": {"executed_lines": [], "summary": {"covered_lines": 0, "num_statements": 0, "percent_covered": 100.0, "percent_covered_display": "100", "missing_lines": 0, "excluded_lines": 0}, "missing_lines": [], "excluded_lines": []}, "IncidentStatus": {"executed_lines": [], "summary": {"covered_lines": 0, "num_statements": 0, "percent_covered": 100.0, "percent_covered_display": "100", "missing_lines": 0, "excluded_lines": 0}, "missing_lines": [], "excluded_lines": []}, "Alert": {"executed_lines": [], "summary": {"covered_lines": 0, "num_statements": 0, "percent_covered": 100.0, "percent_covered_display": "100", "missing_lines": 0, "excluded_lines": 0}, "missing_lines": [], "excluded_lines": []}, "Incident": {"executed_lines": [], "summary": {"covered_lines": 0, "num_statements": 0, "percent_covered": 100.0, "percent_covered_display": "100", "missing_lines": 0, "excluded_lines": 0}, "missing_lines": [], "excluded_lines": []}, "SuppressionRule": {"executed_lines": [], "summary": {"covered_lines": 0, "num_statements": 0, "percent_covered": 100.0, "percent_covered_display": "100", "missing_lines": 0, "excluded_lines": 0}, "missing_lines": [], "excluded_lines": []}, "User": {"executed_lines": [], "summary": {"covered_lines": 0, "num_statements": 0, "percent_covered": 100.0, "percent_covered_display": "100", "missing_lines": 0, "excluded_lines": 0}, "missing_lines": [], "excluded_lines": []}, "": {"executed_lines": [1, 3, 4, 5, 9, 11, 14, 15, 16, 17, 18, 21, 22, 23, 24, 25, 28, 29, 31, 32, 33, 34, 35, 36, 37, 40, 41, 44, 45, 46, 49, 50, 51, 54, 55, 56, 59, 62, 65, 66, 68, 71, 72, 74, 75, 76, 77, 78, 79, 80, 81, 82, 83, 85, 88, 89, 90, 92, 93, 94, 95, 96, 97, 98, 99, 102, 103, 104, 106, 107, 108, 109, 110, 111], "summary": {"covered_lines": 71, "num_statements": 71, "percent_covered": 100.0, "percent_covered_display": "100", "missing_lines": 0, "excluded_lines": 0}, "missing_lines": [], "excluded_lines": []}}}, "src/api/rate_limit.py": {"executed_lines": [1, 3, 4, 5, 6, 8, 9, 10, 12, 14, 17, 18, 21, 22, 24, 25, 26, 27, 29, 30, 33, 34, 35, 37, 38, 40, 47, 49, 52], "summary": {"covered_lines": 27, "num_statements": 36, "percent_covered": 75.0, "percent_covered_display": "75", "missing_lines": 9, "excluded_lines": 0}, "missing_lines": [31, 41, 54, 55, 56, 57, 58, 59, 60], "excluded_lines": [], "functions": {"RateLimitMiddleware.__init__": {"executed_lines": [25, 26, 27], "summary": {"covered_lines": 3, "num_statements": 3, "percent_covered": 100.0, "percent_covered_display": "100", "missing_lines": 0, "excluded_lines": 0}, "missing_lines": [], "excluded_lines": []}, "RateLimitMiddleware.dispatch": {"executed_lines": [30, 33, 34, 35, 37, 38, 40, 47, 49], "summary": {"covered_lines": 9, "num_statements": 11, "percent_covered": 81.81818181818181, "percent_covered_display": "82", "missing_lines": 2, "excluded_lines": 0}, "missing_lines": [31, 41], "excluded_lines": []}, "prune_inactive": {"executed_lines": [], "summary": {"covered_lines": 0, "num_statements": 7, "percent_covered": 0.0, "percent_covered_display": "0", "missing_lines": 7, "excluded_lines": 0}, "missing_lines": [54, 55, 56, 57, 58, 59, 60], "excluded_lines": []}, "": {"executed_lines": [1, 3, 4, 5, 6, 8, 9, 10, 12, 14, 17, 18, 21, 22, 24, 29, 52], "summary": {"covered_lines": 15, "num_statements": 15, "percent_covered": 100.0, "percent_covered_display": "100", "missing_lines": 0, "excluded_lines": 0}, "missing_lines": [], "excluded_lines": []}}, "classes": {"RateLimitMiddleware": {"executed_lines": [25, 26, 27, 30, 33, 34, 35, 37, 38, 40, 47, 49], "summary": {"covered_lines": 12, "num_statements": 14, "percent_covered": 85.71428571428571, "percent_covered_display": "86", "missing_lines": 2, "excluded_lines": 0}, "missing_lines": [31, 41], "excluded_lines": []}, "": {"executed_lines": [1, 3, 4, 5, 6, 8, 9, 10, 12, 14, 17, 18, 21, 22, 24, 29, 52], "summary": {"covered_lines": 15, "num_statements": 22, "percent_covered": 68.18181818181819, "percent_covered_display": "68", "missing_lines": 7, "excluded_lines": 0}, "missing_lines": [54, 55, 56, 57, 58, 59, 60], "excluded_lines": []}}}, "src/api/routers/__init__.py": {"executed_lines": [0], "summary": {"covered_lines": 0, "num_statements": 0, "percent_covered": 100.0, "percent_covered_display": "100", "missing_lines": 0, "excluded_lines": 0}, "missing_lines": [], "excluded_lines": [], "functions": {"": {"executed_lines": [], "summary": {"covered_lines": 0, "num_statements": 0, "percent_covered": 100.0, "percent_covered_display": "100", "missing_lines": 0, "excluded_lines": 0}, "missing_lines": [], "excluded_lines": []}}, "classes": {"": {"executed_lines": [], "summary": {"covered_lines": 0, "num_statements": 0, "percent_covered": 100.0, "percent_covered_display": "100", "missing_lines": 0, "excluded_lines": 0}, "missing_lines": [], "excluded_lines": []}}}, "src/api/routers/alerts.py": {"executed_lines": [1, 3, 4, 5, 6, 8, 9, 10, 14, 16, 19, 20, 28, 29, 31, 33, 35, 36, 40, 41, 50, 51, 52, 53, 54, 56, 57, 58, 59, 61, 65, 118, 119, 125, 126, 127, 147, 148, 149, 155, 156, 161, 175, 176, 181, 182, 184, 188, 190, 191, 197, 198, 203, 204, 205, 206, 226, 227, 236, 238, 259, 261, 273, 274, 284, 285], "summary": {"covered_lines": 65, "num_statements": 146, "percent_covered": 44.52054794520548, "percent_covered_display": "45", "missing_lines": 81, "excluded_lines": 0}, "missing_lines": [30, 32, 34, 37, 60, 62, 63, 66, 68, 69, 70, 71, 74, 75, 81, 82, 89, 108, 109, 110, 111, 130, 132, 133, 134, 135, 137, 138, 139, 140, 141, 142, 144, 150, 151, 152, 162, 163, 164, 165, 166, 167, 168, 169, 170, 171, 172, 183, 185, 199, 200, 216, 217, 228, 229, 230, 233, 242, 243, 244, 252, 253, 254, 255, 256, 262, 263, 264, 265, 266, 267, 268, 275, 276, 277, 278, 279, 286, 287, 288, 289], "excluded_lines": [], "functions": {"list_alerts": {"executed_lines": [28, 29, 31, 33, 35, 36], "summary": {"covered_lines": 6, "num_statements": 10, "percent_covered": 60.0, "percent_covered_display": "60", "missing_lines": 4, "excluded_lines": 0}, "missing_lines": [30, 32, 34, 37], "excluded_lines": []}, "export_alerts": {"executed_lines": [50, 51, 52, 53, 54, 56, 57, 58, 59, 61, 65], "summary": {"covered_lines": 11, "num_statements": 28, "percent_covered": 39.285714285714285, "percent_covered_display": "39", "missing_lines": 17, "excluded_lines": 0}, "missing_lines": [60, 62, 63, 66, 68, 69, 70, 71, 74, 75, 81, 82, 89, 108, 109, 110, 111], "excluded_lines": []}, "alert_trends": {"executed_lines": [125, 126, 127], "summary": {"covered_lines": 3, "num_statements": 15, "percent_covered": 20.0, "percent_covered_display": "20", "missing_lines": 12, "excluded_lines": 0}, "missing_lines": [130, 132, 133, 134, 135, 137, 138, 139, 140, 141, 142, 144], "excluded_lines": []}, "get_alert": {"executed_lines": [149], "summary": {"covered_lines": 1, "num_statements": 4, "percent_covered": 25.0, "percent_covered_display": "25", "missing_lines": 3, "excluded_lines": 0}, "missing_lines": [150, 151, 152], "excluded_lines": []}, "update_alert": {"executed_lines": [161], "summary": {"covered_lines": 1, "num_statements": 12, "percent_covered": 8.333333333333334, "percent_covered_display": "8", "missing_lines": 11, "excluded_lines": 0}, "missing_lines": [162, 163, 164, 165, 166, 167, 168, 169, 170, 171, 172], "excluded_lines": []}, "list_incidents": {"executed_lines": [181, 182, 184], "summary": {"covered_lines": 3, "num_statements": 5, "percent_covered": 60.0, "percent_covered_display": "60", "missing_lines": 2, "excluded_lines": 0}, "missing_lines": [183, 185], "excluded_lines": []}, "create_incident": {"executed_lines": [191, 197, 198], "summary": {"covered_lines": 3, "num_statements": 5, "percent_covered": 60.0, "percent_covered_display": "60", "missing_lines": 2, "excluded_lines": 0}, "missing_lines": [199, 200], "excluded_lines": []}, "stats": {"executed_lines": [205, 206], "summary": {"covered_lines": 2, "num_statements": 4, "percent_covered": 50.0, "percent_covered_display": "50", "missing_lines": 2, "excluded_lines": 0}, "missing_lines": [216, 217], "excluded_lines": []}, "list_suppression_rules": {"executed_lines": [], "summary": {"covered_lines": 0, "num_statements": 4, "percent_covered": 0.0, "percent_covered_display": "0", "missing_lines": 4, "excluded_lines": 0}, "missing_lines": [228, 229, 230, 233], "excluded_lines": []}, "create_suppression_rule": {"executed_lines": [], "summary": {"covered_lines": 0, "num_statements": 8, "percent_covered": 0.0, "percent_covered_display": "0", "missing_lines": 8, "excluded_lines": 0}, "missing_lines": [242, 243, 244, 252, 253, 254, 255, 256], "excluded_lines": []}, "delete_suppression_rule": {"executed_lines": [], "summary": {"covered_lines": 0, "num_statements": 7, "percent_covered": 0.0, "percent_covered_display": "0", "missing_lines": 7, "excluded_lines": 0}, "missing_lines": [262, 263, 264, 265, 266, 267, 268], "excluded_lines": []}, "get_adaptive_weights": {"executed_lines": [], "summary": {"covered_lines": 0, "num_statements": 5, "percent_covered": 0.0, "percent_covered_display": "0", "missing_lines": 5, "excluded_lines": 0}, "missing_lines": [275, 276, 277, 278, 279], "excluded_lines": []}, "get_dns_logs": {"executed_lines": [], "summary": {"covered_lines": 0, "num_statements": 4, "percent_covered": 0.0, "percent_covered_display": "0", "missing_lines": 4, "excluded_lines": 0}, "missing_lines": [286, 287, 288, 289], "excluded_lines": []}, "": {"executed_lines": [1, 3, 4, 5, 6, 8, 9, 10, 14, 16, 19, 20, 40, 41, 118, 119, 147, 148, 155, 156, 175, 176, 188, 190, 203, 204, 226, 227, 236, 238, 259, 261, 273, 274, 284, 285], "summary": {"covered_lines": 35, "num_statements": 35, "percent_covered": 100.0, "percent_covered_display": "100", "missing_lines": 0, "excluded_lines": 0}, "missing_lines": [], "excluded_lines": []}}, "classes": {"": {"executed_lines": [1, 3, 4, 5, 6, 8, 9, 10, 14, 16, 19, 20, 28, 29, 31, 33, 35, 36, 40, 41, 50, 51, 52, 53, 54, 56, 57, 58, 59, 61, 65, 118, 119, 125, 126, 127, 147, 148, 149, 155, 156, 161, 175, 176, 181, 182, 184, 188, 190, 191, 197, 198, 203, 204, 205, 206, 226, 227, 236, 238, 259, 261, 273, 274, 284, 285], "summary": {"covered_lines": 65, "num_statements": 146, "percent_covered": 44.52054794520548, "percent_covered_display": "45", "missing_lines": 81, "excluded_lines": 0}, "missing_lines": [30, 32, 34, 37, 60, 62, 63, 66, 68, 69, 70, 71, 74, 75, 81, 82, 89, 108, 109, 110, 111, 130, 132, 133, 134, 135, 137, 138, 139, 140, 141, 142, 144, 150, 151, 152, 162, 163, 164, 165, 166, 167, 168, 169, 170, 171, 172, 183, 185, 199, 200, 216, 217, 228, 229, 230, 233, 242, 243, 244, 252, 253, 254, 255, 256, 262, 263, 264, 265, 266, 267, 268, 275, 276, 277, 278, 279, 286, 287, 288, 289], "excluded_lines": []}}}, "src/api/routers/auth.py": {"executed_lines": [1, 3, 4, 5, 6, 8, 9, 10, 12, 15, 16, 17, 20, 21, 22, 25, 26, 27, 28, 31, 32, 33, 34, 35, 37, 40, 41, 43, 44, 45, 51, 52, 54, 56, 66, 67, 69, 73, 74], "summary": {"covered_lines": 38, "num_statements": 57, "percent_covered": 66.66666666666667, "percent_covered_display": "67", "missing_lines": 19, "excluded_lines": 0}, "missing_lines": [46, 47, 48, 55, 57, 58, 59, 60, 61, 62, 63, 70, 76, 77, 78, 79, 80, 81, 82], "excluded_lines": [], "functions": {"login": {"executed_lines": [43, 44, 45], "summary": {"covered_lines": 3, "num_statements": 6, "percent_covered": 50.0, "percent_covered_display": "50", "missing_lines": 3, "excluded_lines": 0}, "missing_lines": [46, 47, 48], "excluded_lines": []}, "create_user": {"executed_lines": [54, 56], "summary": {"covered_lines": 2, "num_statements": 10, "percent_covered": 20.0, "percent_covered_display": "20", "missing_lines": 8, "excluded_lines": 0}, "missing_lines": [55, 57, 58, 59, 60, 61, 62, 63], "excluded_lines": []}, "list_users": {"executed_lines": [69], "summary": {"covered_lines": 1, "num_statements": 2, "percent_covered": 50.0, "percent_covered_display": "50", "missing_lines": 1, "excluded_lines": 0}, "missing_lines": [70], "excluded_lines": []}, "delete_user": {"executed_lines": [], "summary": {"covered_lines": 0, "num_statements": 7, "percent_covered": 0.0, "percent_covered_display": "0", "missing_lines": 7, "excluded_lines": 0}, "missing_lines": [76, 77, 78, 79, 80, 81, 82], "excluded_lines": []}, "": {"executed_lines": [1, 3, 4, 5, 6, 8, 9, 10, 12, 15, 16, 17, 20, 21, 22, 25, 26, 27, 28, 31, 32, 33, 34, 35, 37, 40, 41, 51, 52, 66, 67, 73, 74], "summary": {"covered_lines": 32, "num_statements": 32, "percent_covered": 100.0, "percent_covered_display": "100", "missing_lines": 0, "excluded_lines": 0}, "missing_lines": [], "excluded_lines": []}}, "classes": {"TokenRequest": {"executed_lines": [], "summary": {"covered_lines": 0, "num_statements": 0, "percent_covered": 100.0, "percent_covered_display": "100", "missing_lines": 0, "excluded_lines": 0}, "missing_lines": [], "excluded_lines": []}, "TokenResponse": {"executed_lines": [], "summary": {"covered_lines": 0, "num_statements": 0, "percent_covered": 100.0, "percent_covered_display": "100", "missing_lines": 0, "excluded_lines": 0}, "missing_lines": [], "excluded_lines": []}, "UserCreate": {"executed_lines": [], "summary": {"covered_lines": 0, "num_statements": 0, "percent_covered": 100.0, "percent_covered_display": "100", "missing_lines": 0, "excluded_lines": 0}, "missing_lines": [], "excluded_lines": []}, "UserOut": {"executed_lines": [], "summary": {"covered_lines": 0, "num_statements": 0, "percent_covered": 100.0, "percent_covered_display": "100", "missing_lines": 0, "excluded_lines": 0}, "missing_lines": [], "excluded_lines": []}, "": {"executed_lines": [1, 3, 4, 5, 6, 8, 9, 10, 12, 15, 16, 17, 20, 21, 22, 25, 26, 27, 28, 31, 32, 33, 34, 35, 37, 40, 41, 43, 44, 45, 51, 52, 54, 56, 66, 67, 69, 73, 74], "summary": {"covered_lines": 38, "num_statements": 57, "percent_covered": 66.66666666666667, "percent_covered_display": "67", "missing_lines": 19, "excluded_lines": 0}, "missing_lines": [46, 47, 48, 55, 57, 58, 59, 60, 61, 62, 63, 70, 76, 77, 78, 79, 80, 81, 82], "excluded_lines": []}}}, "src/api/routers/predict.py": {"executed_lines": [1, 3, 4, 5, 6, 7, 9, 10, 11, 12, 13, 14, 15, 16, 17, 18, 19, 20, 21, 22, 23, 24, 26, 27, 30, 31, 34, 42, 43, 45, 46, 53, 54], "summary": {"covered_lines": 32, "num_statements": 95, "percent_covered": 33.68421052631579, "percent_covered_display": "34", "missing_lines": 63, "excluded_lines": 0}, "missing_lines": [36, 37, 38, 39, 60, 61, 62, 63, 66, 69, 70, 71, 72, 73, 74, 75, 77, 80, 81, 84, 85, 86, 89, 90, 94, 95, 96, 98, 99, 100, 101, 102, 103, 106, 109, 110, 111, 113, 116, 119, 122, 123, 124, 125, 126, 127, 128, 130, 142, 143, 166, 167, 170, 171, 174, 175, 176, 177, 179, 190, 191, 192, 194], "excluded_lines": [], "functions": {"_get_dedup_lock": {"executed_lines": [], "summary": {"covered_lines": 0, "num_statements": 4, "percent_covered": 0.0, "percent_covered_display": "0", "missing_lines": 4, "excluded_lines": 0}, "missing_lines": [36, 37, 38, 39], "excluded_lines": []}, "predict": {"executed_lines": [45, 46, 53, 54], "summary": {"covered_lines": 4, "num_statements": 63, "percent_covered": 6.349206349206349, "percent_covered_display": "6", "missing_lines": 59, "excluded_lines": 0}, "missing_lines": [60, 61, 62, 63, 66, 69, 70, 71, 72, 73, 74, 75, 77, 80, 81, 84, 85, 86, 89, 90, 94, 95, 96, 98, 99, 100, 101, 102, 103, 106, 109, 110, 111, 113, 116, 119, 122, 123, 124, 125, 126, 127, 128, 130, 142, 143, 166, 167, 170, 171, 174, 175, 176, 177, 179, 190, 191, 192, 194], "excluded_lines": []}, "": {"executed_lines": [1, 3, 4, 5, 6, 7, 9, 10, 11, 12, 13, 14, 15, 16, 17, 18, 19, 20, 21, 22, 23, 24, 26, 27, 30, 31, 34, 42, 43], "summary": {"covered_lines": 28, "num_statements": 28, "percent_covered": 100.0, "percent_covered_display": "100", "missing_lines": 0, "excluded_lines": 0}, "missing_lines": [], "excluded_lines": []}}, "classes": {"": {"executed_lines": [1, 3, 4, 5, 6, 7, 9, 10, 11, 12, 13, 14, 15, 16, 17, 18, 19, 20, 21, 22, 23, 24, 26, 27, 30, 31, 34, 42, 43, 45, 46, 53, 54], "summary": {"covered_lines": 32, "num_statements": 95, "percent_covered": 33.68421052631579, "percent_covered_display": "34", "missing_lines": 63, "excluded_lines": 0}, "missing_lines": [36, 37, 38, 39, 60, 61, 62, 63, 66, 69, 70, 71, 72, 73, 74, 75, 77, 80, 81, 84, 85, 86, 89, 90, 94, 95, 96, 98, 99, 100, 101, 102, 103, 106, 109, 110, 111, 113, 116, 119, 122, 123, 124, 125, 126, 127, 128, 130, 142, 143, 166, 167, 170, 171, 174, 175, 176, 177, 179, 190, 191, 192, 194], "excluded_lines": []}}}, "src/api/routers/websocket.py": {"executed_lines": [1, 7, 8, 9, 10, 12, 13, 15, 17, 18, 21, 22, 23, 26, 41, 42], "summary": {"covered_lines": 15, "num_statements": 51, "percent_covered": 29.41176470588235, "percent_covered_display": "29", "missing_lines": 36, "excluded_lines": 0}, "missing_lines": [28, 29, 30, 31, 32, 33, 34, 35, 36, 37, 38, 49, 50, 51, 52, 53, 54, 55, 56, 57, 60, 61, 62, 63, 65, 66, 67, 68, 69, 70, 71, 72, 73, 75, 76, 77], "excluded_lines": [], "functions": {"broadcast_alert": {"executed_lines": [], "summary": {"covered_lines": 0, "num_statements": 11, "percent_covered": 0.0, "percent_covered_display": "0", "missing_lines": 11, "excluded_lines": 0}, "missing_lines": [28, 29, 30, 31, 32, 33, 34, 35, 36, 37, 38], "excluded_lines": []}, "alerts_ws": {"executed_lines": [], "summary": {"covered_lines": 0, "num_statements": 25, "percent_covered": 0.0, "percent_covered_display": "0", "missing_lines": 25, "excluded_lines": 0}, "missing_lines": [49, 50, 51, 52, 53, 54, 55, 56, 57, 60, 61, 62, 63, 65, 66, 67, 68, 69, 70, 71, 72, 73, 75, 76, 77], "excluded_lines": []}, "": {"executed_lines": [1, 7, 8, 9, 10, 12, 13, 15, 17, 18, 21, 22, 23, 26, 41, 42], "summary": {"covered_lines": 15, "num_statements": 15, "percent_covered": 100.0, "percent_covered_display": "100", "missing_lines": 0, "excluded_lines": 0}, "missing_lines": [], "excluded_lines": []}}, "classes": {"": {"executed_lines": [1, 7, 8, 9, 10, 12, 13, 15, 17, 18, 21, 22, 23, 26, 41, 42], "summary": {"covered_lines": 15, "num_statements": 51, "percent_covered": 29.41176470588235, "percent_covered_display": "29", "missing_lines": 36, "excluded_lines": 0}, "missing_lines": [28, 29, 30, 31, 32, 33, 34, 35, 36, 37, 38, 49, 50, 51, 52, 53, 54, 55, 56, 57, 60, 61, 62, 63, 65, 66, 67, 68, 69, 70, 71, 72, 73, 75, 76, 77], "excluded_lines": []}}}, "src/api/schemas.py": {"executed_lines": [1, 3, 4, 5, 6, 11, 12, 13, 14, 15, 16, 17, 18, 19, 20, 21, 23, 24, 25, 26, 28, 29, 32, 35, 36, 37, 38, 39, 40, 41, 44, 45, 46, 47, 48, 49, 50, 51, 52, 53, 54, 55, 60, 61, 62, 63, 64, 65, 66, 67, 68, 69, 70, 71, 72, 73, 74, 75, 76, 77, 79, 82, 83, 84, 85, 90, 91, 92, 93, 94, 97, 98, 99, 100, 101, 102, 103, 104, 105, 106, 107, 109, 114, 115, 116, 117, 122, 123, 124, 125, 126, 127, 128, 131, 132, 133, 134, 135, 136, 137, 138, 139, 141], "summary": {"covered_lines": 101, "num_statements": 104, "percent_covered": 97.11538461538461, "percent_covered_display": "97", "missing_lines": 3, "excluded_lines": 0}, "missing_lines": [27, 30, 31], "excluded_lines": [], "functions": {"PredictRequest.validate_ip": {"executed_lines": [26, 28, 29, 32], "summary": {"covered_lines": 4, "num_statements": 7, "percent_covered": 57.142857142857146, "percent_covered_display": "57", "missing_lines": 3, "excluded_lines": 0}, "missing_lines": [27, 30, 31], "excluded_lines": []}, "": {"executed_lines": [1, 3, 4, 5, 6, 11, 12, 13, 14, 15, 16, 17, 18, 19, 20, 21, 23, 24, 25, 35, 36, 37, 38, 39, 40, 41, 44, 45, 46, 47, 48, 49, 50, 51, 52, 53, 54, 55, 60, 61, 62, 63, 64, 65, 66, 67, 68, 69, 70, 71, 72, 73, 74, 75, 76, 77, 79, 82, 83, 84, 85, 90, 91, 92, 93, 94, 97, 98, 99, 100, 101, 102, 103, 104, 105, 106, 107, 109, 114, 115, 116, 117, 122, 123, 124, 125, 126, 127, 128, 131, 132, 133, 134, 135, 136, 137, 138, 139, 141], "summary": {"covered_lines": 97, "num_statements": 97, "percent_covered": 100.0, "percent_covered_display": "100", "missing_lines": 0, "excluded_lines": 0}, "missing_lines": [], "excluded_lines": []}}, "classes": {"PredictRequest": {"executed_lines": [26, 28, 29, 32], "summary": {"covered_lines": 4, "num_statements": 7, "percent_covered": 57.142857142857146, "percent_covered_display": "57", "missing_lines": 3, "excluded_lines": 0}, "missing_lines": [27, 30, 31], "excluded_lines": []}, "EngineScoresOut": {"executed_lines": [], "summary": {"covered_lines": 0, "num_statements": 0, "percent_covered": 100.0, "percent_covered_display": "100", "missing_lines": 0, "excluded_lines": 0}, "missing_lines": [], "excluded_lines": []}, "PredictResponse": {"executed_lines": [], "summary": {"covered_lines": 0, "num_statements": 0, "percent_covered": 100.0, "percent_covered_display": "100", "missing_lines": 0, "excluded_lines": 0}, "missing_lines": [], "excluded_lines": []}, "AlertOut": {"executed_lines": [], "summary": {"covered_lines": 0, "num_statements": 0, "percent_covered": 100.0, "percent_covered_display": "100", "missing_lines": 0, "excluded_lines": 0}, "missing_lines": [], "excluded_lines": []}, "AlertUpdate": {"executed_lines": [], "summary": {"covered_lines": 0, "num_statements": 0, "percent_covered": 100.0, "percent_covered_display": "100", "missing_lines": 0, "excluded_lines": 0}, "missing_lines": [], "excluded_lines": []}, "IncidentCreate": {"executed_lines": [], "summary": {"covered_lines": 0, "num_statements": 0, "percent_covered": 100.0, "percent_covered_display": "100", "missing_lines": 0, "excluded_lines": 0}, "missing_lines": [], "excluded_lines": []}, "IncidentOut": {"executed_lines": [], "summary": {"covered_lines": 0, "num_statements": 0, "percent_covered": 100.0, "percent_covered_display": "100", "missing_lines": 0, "excluded_lines": 0}, "missing_lines": [], "excluded_lines": []}, "HealthOut": {"executed_lines": [], "summary": {"covered_lines": 0, "num_statements": 0, "percent_covered": 100.0, "percent_covered_display": "100", "missing_lines": 0, "excluded_lines": 0}, "missing_lines": [], "excluded_lines": []}, "SuppressionRuleCreate": {"executed_lines": [], "summary": {"covered_lines": 0, "num_statements": 0, "percent_covered": 100.0, "percent_covered_display": "100", "missing_lines": 0, "excluded_lines": 0}, "missing_lines": [], "excluded_lines": []}, "SuppressionRuleOut": {"executed_lines": [], "summary": {"covered_lines": 0, "num_statements": 0, "percent_covered": 100.0, "percent_covered_display": "100", "missing_lines": 0, "excluded_lines": 0}, "missing_lines": [], "excluded_lines": []}, "": {"executed_lines": [1, 3, 4, 5, 6, 11, 12, 13, 14, 15, 16, 17, 18, 19, 20, 21, 23, 24, 25, 35, 36, 37, 38, 39, 40, 41, 44, 45, 46, 47, 48, 49, 50, 51, 52, 53, 54, 55, 60, 61, 62, 63, 64, 65, 66, 67, 68, 69, 70, 71, 72, 73, 74, 75, 76, 77, 79, 82, 83, 84, 85, 90, 91, 92, 93, 94, 97, 98, 99, 100, 101, 102, 103, 104, 105, 106, 107, 109, 114, 115, 116, 117, 122, 123, 124, 125, 126, 127, 128, 131, 132, 133, 134, 135, 136, 137, 138, 139, 141], "summary": {"covered_lines": 97, "num_statements": 97, "percent_covered": 100.0, "percent_covered_display": "100", "missing_lines": 0, "excluded_lines": 0}, "missing_lines": [], "excluded_lines": []}}}, "src/capture/__init__.py": {"executed_lines": [], "summary": {"covered_lines": 0, "num_statements": 0, "percent_covered": 100.0, "percent_covered_display": "100", "missing_lines": 0, "excluded_lines": 0}, "missing_lines": [], "excluded_lines": [], "functions": {"": {"executed_lines": [], "summary": {"covered_lines": 0, "num_statements": 0, "percent_covered": 100.0, "percent_covered_display": "100", "missing_lines": 0, "excluded_lines": 0}, "missing_lines": [], "excluded_lines": []}}, "classes": {"": {"executed_lines": [], "summary": {"covered_lines": 0, "num_statements": 0, "percent_covered": 100.0, "percent_covered_display": "100", "missing_lines": 0, "excluded_lines": 0}, "missing_lines": [], "excluded_lines": []}}}, "src/capture/dispatcher.py": {"executed_lines": [], "summary": {"covered_lines": 0, "num_statements": 89, "percent_covered": 0.0, "percent_covered_display": "0", "missing_lines": 89, "excluded_lines": 0}, "missing_lines": [12, 13, 14, 15, 16, 18, 19, 20, 21, 22, 23, 25, 27, 30, 40, 45, 46, 47, 48, 49, 50, 53, 54, 55, 58, 59, 61, 64, 67, 70, 73, 76, 77, 78, 79, 80, 81, 82, 83, 85, 86, 88, 89, 90, 92, 93, 94, 96, 97, 98, 99, 101, 102, 103, 104, 105, 106, 107, 108, 109, 110, 111, 112, 113, 115, 117, 118, 119, 120, 121, 122, 123, 124, 125, 126, 127, 129, 130, 131, 134, 135, 137, 138, 139, 140, 141, 143, 144, 145], "excluded_lines": [], "functions": {"Dispatcher.__init__": {"executed_lines": [], "summary": {"covered_lines": 0, "num_statements": 11, "percent_covered": 0.0, "percent_covered_display": "0", "missing_lines": 11, "excluded_lines": 0}, "missing_lines": [45, 46, 47, 48, 49, 50, 53, 54, 55, 58, 59], "excluded_lines": []}, "Dispatcher.dispatch": {"executed_lines": [], "summary": {"covered_lines": 0, "num_statements": 20, "percent_covered": 0.0, "percent_covered_display": "0", "missing_lines": 20, "excluded_lines": 0}, "missing_lines": [64, 67, 70, 73, 76, 77, 78, 79, 80, 81, 82, 83, 85, 86, 88, 89, 90, 92, 93, 94], "excluded_lines": []}, "Dispatcher._flush_loop": {"executed_lines": [], "summary": {"covered_lines": 0, "num_statements": 3, "percent_covered": 0.0, "percent_covered_display": "0", "missing_lines": 3, "excluded_lines": 0}, "missing_lines": [97, 98, 99], "excluded_lines": []}, "Dispatcher._flush_expired": {"executed_lines": [], "summary": {"covered_lines": 0, "num_statements": 12, "percent_covered": 0.0, "percent_covered_display": "0", "missing_lines": 12, "excluded_lines": 0}, "missing_lines": [102, 103, 104, 105, 106, 107, 108, 109, 110, 111, 112, 113], "excluded_lines": []}, "Dispatcher.flush_all": {"executed_lines": [], "summary": {"covered_lines": 0, "num_statements": 11, "percent_covered": 0.0, "percent_covered_display": "0", "missing_lines": 11, "excluded_lines": 0}, "missing_lines": [117, 118, 119, 120, 121, 122, 123, 124, 125, 126, 127], "excluded_lines": []}, "Dispatcher.start": {"executed_lines": [], "summary": {"covered_lines": 0, "num_statements": 4, "percent_covered": 0.0, "percent_covered_display": "0", "missing_lines": 4, "excluded_lines": 0}, "missing_lines": [130, 131, 134, 135], "excluded_lines": []}, "Dispatcher.stop": {"executed_lines": [], "summary": {"covered_lines": 0, "num_statements": 4, "percent_covered": 0.0, "percent_covered_display": "0", "missing_lines": 4, "excluded_lines": 0}, "missing_lines": [138, 139, 140, 141], "excluded_lines": []}, "Dispatcher.stats": {"executed_lines": [], "summary": {"covered_lines": 0, "num_statements": 1, "percent_covered": 0.0, "percent_covered_display": "0", "missing_lines": 1, "excluded_lines": 0}, "missing_lines": [145], "excluded_lines": []}, "": {"executed_lines": [], "summary": {"covered_lines": 0, "num_statements": 23, "percent_covered": 0.0, "percent_covered_display": "0", "missing_lines": 23, "excluded_lines": 0}, "missing_lines": [12, 13, 14, 15, 16, 18, 19, 20, 21, 22, 23, 25, 27, 30, 40, 61, 96, 101, 115, 129, 137, 143, 144], "excluded_lines": []}}, "classes": {"Dispatcher": {"executed_lines": [], "summary": {"covered_lines": 0, "num_statements": 66, "percent_covered": 0.0, "percent_covered_display": "0", "missing_lines": 66, "excluded_lines": 0}, "missing_lines": [45, 46, 47, 48, 49, 50, 53, 54, 55, 58, 59, 64, 67, 70, 73, 76, 77, 78, 79, 80, 81, 82, 83, 85, 86, 88, 89, 90, 92, 93, 94, 97, 98, 99, 102, 103, 104, 105, 106, 107, 108, 109, 110, 111, 112, 113, 117, 118, 119, 120, 121, 122, 123, 124, 125, 126, 127, 130, 131, 134, 135, 138, 139, 140, 141, 145], "excluded_lines": []}, "": {"executed_lines": [], "summary": {"covered_lines": 0, "num_statements": 23, "percent_covered": 0.0, "percent_covered_display": "0", "missing_lines": 23, "excluded_lines": 0}, "missing_lines": [12, 13, 14, 15, 16, 18, 19, 20, 21, 22, 23, 25, 27, 30, 40, 61, 96, 101, 115, 129, 137, 143, 144], "excluded_lines": []}}}, "src/capture/packet_capture.py": {"executed_lines": [], "summary": {"covered_lines": 0, "num_statements": 69, "percent_covered": 0.0, "percent_covered_display": "0", "missing_lines": 69, "excluded_lines": 0}, "missing_lines": [7, 8, 9, 10, 11, 13, 15, 17, 20, 23, 29, 30, 31, 32, 33, 34, 35, 37, 38, 39, 40, 41, 42, 44, 45, 46, 47, 48, 49, 50, 51, 52, 53, 55, 57, 58, 59, 60, 61, 62, 63, 65, 66, 67, 68, 69, 70, 72, 73, 74, 75, 76, 83, 86, 87, 88, 89, 90, 92, 93, 94, 101, 102, 103, 106, 108, 109, 110, 111], "excluded_lines": [], "functions": {"PacketProcessor.__init__": {"executed_lines": [], "summary": {"covered_lines": 0, "num_statements": 7, "percent_covered": 0.0, "percent_covered_display": "0", "missing_lines": 7, "excluded_lines": 0}, "missing_lines": [29, 30, 31, 32, 33, 34, 35], "excluded_lines": []}, "PacketProcessor.enqueue": {"executed_lines": [], "summary": {"covered_lines": 0, "num_statements": 5, "percent_covered": 0.0, "percent_covered_display": "0", "missing_lines": 5, "excluded_lines": 0}, "missing_lines": [38, 39, 40, 41, 42], "excluded_lines": []}, "PacketProcessor._loop": {"executed_lines": [], "summary": {"covered_lines": 0, "num_statements": 10, "percent_covered": 0.0, "percent_covered_display": "0", "missing_lines": 10, "excluded_lines": 0}, "missing_lines": [45, 46, 47, 48, 49, 50, 51, 52, 53, 55], "excluded_lines": []}, "PacketProcessor.start": {"executed_lines": [], "summary": {"covered_lines": 0, "num_statements": 6, "percent_covered": 0.0, "percent_covered_display": "0", "missing_lines": 6, "excluded_lines": 0}, "missing_lines": [58, 59, 60, 61, 62, 63], "excluded_lines": []}, "PacketProcessor.stop": {"executed_lines": [], "summary": {"covered_lines": 0, "num_statements": 5, "percent_covered": 0.0, "percent_covered_display": "0", "missing_lines": 5, "excluded_lines": 0}, "missing_lines": [66, 67, 68, 69, 70], "excluded_lines": []}, "PacketProcessor.stats": {"executed_lines": [], "summary": {"covered_lines": 0, "num_statements": 3, "percent_covered": 0.0, "percent_covered_display": "0", "missing_lines": 3, "excluded_lines": 0}, "missing_lines": [74, 75, 76], "excluded_lines": []}, "PacketCapture.__init__": {"executed_lines": [], "summary": {"covered_lines": 0, "num_statements": 4, "percent_covered": 0.0, "percent_covered_display": "0", "missing_lines": 4, "excluded_lines": 0}, "missing_lines": [87, 88, 89, 90], "excluded_lines": []}, "PacketCapture._sniffer_loop": {"executed_lines": [], "summary": {"covered_lines": 0, "num_statements": 2, "percent_covered": 0.0, "percent_covered_display": "0", "missing_lines": 2, "excluded_lines": 0}, "missing_lines": [93, 94], "excluded_lines": []}, "PacketCapture.start": {"executed_lines": [], "summary": {"covered_lines": 0, "num_statements": 3, "percent_covered": 0.0, "percent_covered_display": "0", "missing_lines": 3, "excluded_lines": 0}, "missing_lines": [102, 103, 106], "excluded_lines": []}, "PacketCapture.stop": {"executed_lines": [], "summary": {"covered_lines": 0, "num_statements": 3, "percent_covered": 0.0, "percent_covered_display": "0", "missing_lines": 3, "excluded_lines": 0}, "missing_lines": [109, 110, 111], "excluded_lines": []}, "": {"executed_lines": [], "summary": {"covered_lines": 0, "num_statements": 21, "percent_covered": 0.0, "percent_covered_display": "0", "missing_lines": 21, "excluded_lines": 0}, "missing_lines": [7, 8, 9, 10, 11, 13, 15, 17, 20, 23, 37, 44, 57, 65, 72, 73, 83, 86, 92, 101, 108], "excluded_lines": []}}, "classes": {"PacketProcessor": {"executed_lines": [], "summary": {"covered_lines": 0, "num_statements": 36, "percent_covered": 0.0, "percent_covered_display": "0", "missing_lines": 36, "excluded_lines": 0}, "missing_lines": [29, 30, 31, 32, 33, 34, 35, 38, 39, 40, 41, 42, 45, 46, 47, 48, 49, 50, 51, 52, 53, 55, 58, 59, 60, 61, 62, 63, 66, 67, 68, 69, 70, 74, 75, 76], "excluded_lines": []}, "PacketCapture": {"executed_lines": [], "summary": {"covered_lines": 0, "num_statements": 12, "percent_covered": 0.0, "percent_covered_display": "0", "missing_lines": 12, "excluded_lines": 0}, "missing_lines": [87, 88, 89, 90, 93, 94, 102, 103, 106, 109, 110, 111], "excluded_lines": []}, "": {"executed_lines": [], "summary": {"covered_lines": 0, "num_statements": 21, "percent_covered": 0.0, "percent_covered_display": "0", "missing_lines": 21, "excluded_lines": 0}, "missing_lines": [7, 8, 9, 10, 11, 13, 15, 17, 20, 23, 37, 44, 57, 65, 72, 73, 83, 86, 92, 101, 108], "excluded_lines": []}}}, "src/config.py": {"executed_lines": [1, 3, 4, 5, 7, 10, 11, 12, 15, 17, 20, 21, 25, 28, 31, 34, 37, 43, 44, 45, 48, 49, 50, 51, 52, 55, 56, 57, 59, 65, 66, 67, 68, 69, 74, 75, 78, 81, 82, 83, 84, 85, 88, 89, 90, 91, 92, 93, 96, 97, 100, 103, 104, 105, 106, 109, 110, 111, 114, 115, 118, 121, 124, 125, 128, 129, 132, 133, 134, 135, 138, 139, 142, 145, 146, 150, 151, 158, 161, 164, 165, 168, 170, 184, 191], "summary": {"covered_lines": 83, "num_statements": 100, "percent_covered": 83.0, "percent_covered_display": "83", "missing_lines": 17, "excluded_lines": 0}, "missing_lines": [22, 26, 29, 32, 35, 38, 39, 171, 172, 173, 174, 178, 179, 180, 181, 182, 183], "excluded_lines": [], "functions": {"_validate_config": {"executed_lines": [17, 20, 21, 25, 28, 31, 34, 37], "summary": {"covered_lines": 8, "num_statements": 15, "percent_covered": 53.333333333333336, "percent_covered_display": "53", "missing_lines": 7, "excluded_lines": 0}, "missing_lines": [22, 26, 29, 32, 35, 38, 39], "excluded_lines": []}, "setup_logging": {"executed_lines": [170, 184], "summary": {"covered_lines": 2, "num_statements": 12, "percent_covered": 16.666666666666668, "percent_covered_display": "17", "missing_lines": 10, "excluded_lines": 0}, "missing_lines": [171, 172, 173, 174, 178, 179, 180, 181, 182, 183], "excluded_lines": []}, "": {"executed_lines": [1, 3, 4, 5, 7, 10, 11, 12, 15, 43, 44, 45, 48, 49, 50, 51, 52, 55, 56, 57, 59, 65, 66, 67, 68, 69, 74, 75, 78, 81, 82, 83, 84, 85, 88, 89, 90, 91, 92, 93, 96, 97, 100, 103, 104, 105, 106, 109, 110, 111, 114, 115, 118, 121, 124, 125, 128, 129, 132, 133, 134, 135, 138, 139, 142, 145, 146, 150, 151, 158, 161, 164, 165, 168, 191], "summary": {"covered_lines": 73, "num_statements": 73, "percent_covered": 100.0, "percent_covered_display": "100", "missing_lines": 0, "excluded_lines": 0}, "missing_lines": [], "excluded_lines": []}}, "classes": {"ConfigurationError": {"executed_lines": [], "summary": {"covered_lines": 0, "num_statements": 0, "percent_covered": 100.0, "percent_covered_display": "100", "missing_lines": 0, "excluded_lines": 0}, "missing_lines": [], "excluded_lines": []}, "": {"executed_lines": [1, 3, 4, 5, 7, 10, 11, 12, 15, 17, 20, 21, 25, 28, 31, 34, 37, 43, 44, 45, 48, 49, 50, 51, 52, 55, 56, 57, 59, 65, 66, 67, 68, 69, 74, 75, 78, 81, 82, 83, 84, 85, 88, 89, 90, 91, 92, 93, 96, 97, 100, 103, 104, 105, 106, 109, 110, 111, 114, 115, 118, 121, 124, 125, 128, 129, 132, 133, 134, 135, 138, 139, 142, 145, 146, 150, 151, 158, 161, 164, 165, 168, 170, 184, 191], "summary": {"covered_lines": 83, "num_statements": 100, "percent_covered": 83.0, "percent_covered_display": "83", "missing_lines": 17, "excluded_lines": 0}, "missing_lines": [22, 26, 29, 32, 35, 38, 39, 171, 172, 173, 174, 178, 179, 180, 181, 182, 183], "excluded_lines": []}}}, "src/engines/__init__.py": {"executed_lines": [0], "summary": {"covered_lines": 0, "num_statements": 0, "percent_covered": 100.0, "percent_covered_display": "100", "missing_lines": 0, "excluded_lines": 0}, "missing_lines": [], "excluded_lines": [], "functions": {"": {"executed_lines": [], "summary": {"covered_lines": 0, "num_statements": 0, "percent_covered": 100.0, "percent_covered_display": "100", "missing_lines": 0, "excluded_lines": 0}, "missing_lines": [], "excluded_lines": []}}, "classes": {"": {"executed_lines": [], "summary": {"covered_lines": 0, "num_statements": 0, "percent_covered": 100.0, "percent_covered_display": "100", "missing_lines": 0, "excluded_lines": 0}, "missing_lines": [], "excluded_lines": []}}}, "src/engines/isolation_forest.py": {"executed_lines": [1, 7, 8, 9, 10, 12, 14, 15, 17, 20, 21, 23, 28, 29, 30, 31, 32, 34, 36, 37, 38, 39, 40, 41, 42, 43, 47, 49, 50, 51, 55, 56, 57, 59, 61, 62, 63, 64, 65, 67, 70, 71], "summary": {"covered_lines": 40, "num_statements": 48, "percent_covered": 83.33333333333333, "percent_covered_display": "83", "missing_lines": 8, "excluded_lines": 0}, "missing_lines": [44, 45, 52, 53, 66, 72, 73, 74], "excluded_lines": [], "functions": {"IsolationForestEngine.__init__": {"executed_lines": [28, 29, 30, 31, 32], "summary": {"covered_lines": 5, "num_statements": 5, "percent_covered": 100.0, "percent_covered_display": "100", "missing_lines": 0, "excluded_lines": 0}, "missing_lines": [], "excluded_lines": []}, "IsolationForestEngine._load": {"executed_lines": [36, 37, 38, 39, 40, 41, 42, 43, 47, 49, 50, 51], "summary": {"covered_lines": 12, "num_statements": 16, "percent_covered": 75.0, "percent_covered_display": "75", "missing_lines": 4, "excluded_lines": 0}, "missing_lines": [44, 45, 52, 53], "excluded_lines": []}, "IsolationForestEngine.is_available": {"executed_lines": [57], "summary": {"covered_lines": 1, "num_statements": 1, "percent_covered": 100.0, "percent_covered_display": "100", "missing_lines": 0, "excluded_lines": 0}, "missing_lines": [], "excluded_lines": []}, "IsolationForestEngine.anomaly_score": {"executed_lines": [61, 62, 63, 64, 65, 67, 70, 71], "summary": {"covered_lines": 8, "num_statements": 12, "percent_covered": 66.66666666666667, "percent_covered_display": "67", "missing_lines": 4, "excluded_lines": 0}, "missing_lines": [66, 72, 73, 74], "excluded_lines": []}, "": {"executed_lines": [1, 7, 8, 9, 10, 12, 14, 15, 17, 20, 21, 23, 34, 55, 56, 59], "summary": {"covered_lines": 14, "num_statements": 14, "percent_covered": 100.0, "percent_covered_display": "100", "missing_lines": 0, "excluded_lines": 0}, "missing_lines": [], "excluded_lines": []}}, "classes": {"IsolationForestEngine": {"executed_lines": [28, 29, 30, 31, 32, 36, 37, 38, 39, 40, 41, 42, 43, 47, 49, 50, 51, 57, 61, 62, 63, 64, 65, 67, 70, 71], "summary": {"covered_lines": 26, "num_statements": 34, "percent_covered": 76.47058823529412, "percent_covered_display": "76", "missing_lines": 8, "excluded_lines": 0}, "missing_lines": [44, 45, 52, 53, 66, 72, 73, 74], "excluded_lines": []}, "": {"executed_lines": [1, 7, 8, 9, 10, 12, 14, 15, 17, 20, 21, 23, 34, 55, 56, 59], "summary": {"covered_lines": 14, "num_statements": 14, "percent_covered": 100.0, "percent_covered_display": "100", "missing_lines": 0, "excluded_lines": 0}, "missing_lines": [], "excluded_lines": []}}}, "src/engines/lstm_autoencoder.py": {"executed_lines": [1, 7, 8, 9, 10, 11, 12, 13, 15, 16, 18, 20, 21, 24, 25, 27, 32, 33, 34, 35, 36, 39, 40, 41, 43, 45, 46, 47, 48, 49, 50, 51, 56, 57, 61, 62, 63, 65, 66, 92, 93, 95, 96, 97, 99, 108, 110, 111], "summary": {"covered_lines": 46, "num_statements": 87, "percent_covered": 52.87356321839081, "percent_covered_display": "53", "missing_lines": 41, "excluded_lines": 0}, "missing_lines": [52, 53, 58, 59, 60, 67, 68, 76, 77, 78, 79, 80, 81, 85, 86, 87, 88, 89, 90, 91, 101, 102, 104, 105, 106, 112, 113, 114, 115, 116, 118, 119, 120, 121, 122, 123, 125, 126, 127, 128, 129], "excluded_lines": [], "functions": {"LSTMAutoencoderEngine.__init__": {"executed_lines": [32, 33, 34, 35, 36, 39, 40, 41], "summary": {"covered_lines": 8, "num_statements": 8, "percent_covered": 100.0, "percent_covered_display": "100", "missing_lines": 0, "excluded_lines": 0}, "missing_lines": [], "excluded_lines": []}, "LSTMAutoencoderEngine._load": {"executed_lines": [45, 46, 47, 48, 49, 50, 51, 56, 57, 61, 62, 63, 65, 66, 92, 93], "summary": {"covered_lines": 16, "num_statements": 36, "percent_covered": 44.44444444444444, "percent_covered_display": "44", "missing_lines": 20, "excluded_lines": 0}, "missing_lines": [52, 53, 58, 59, 60, 67, 68, 76, 77, 78, 79, 80, 81, 85, 86, 87, 88, 89, 90, 91], "excluded_lines": []}, "LSTMAutoencoderEngine.is_available": {"executed_lines": [97], "summary": {"covered_lines": 1, "num_statements": 1, "percent_covered": 100.0, "percent_covered_display": "100", "missing_lines": 0, "excluded_lines": 0}, "missing_lines": [], "excluded_lines": []}, "LSTMAutoencoderEngine.update": {"executed_lines": [], "summary": {"covered_lines": 0, "num_statements": 5, "percent_covered": 0.0, "percent_covered_display": "0", "missing_lines": 5, "excluded_lines": 0}, "missing_lines": [101, 102, 104, 105, 106], "excluded_lines": []}, "LSTMAutoencoderEngine.anomaly_score": {"executed_lines": [110, 111], "summary": {"covered_lines": 2, "num_statements": 18, "percent_covered": 11.11111111111111, "percent_covered_display": "11", "missing_lines": 16, "excluded_lines": 0}, "missing_lines": [112, 113, 114, 115, 116, 118, 119, 120, 121, 122, 123, 125, 126, 127, 128, 129], "excluded_lines": []}, "": {"executed_lines": [1, 7, 8, 9, 10, 11, 12, 13, 15, 16, 18, 20, 21, 24, 25, 27, 43, 95, 96, 99, 108], "summary": {"covered_lines": 19, "num_statements": 19, "percent_covered": 100.0, "percent_covered_display": "100", "missing_lines": 0, "excluded_lines": 0}, "missing_lines": [], "excluded_lines": []}}, "classes": {"LSTMAutoencoderEngine": {"executed_lines": [32, 33, 34, 35, 36, 39, 40, 41, 45, 46, 47, 48, 49, 50, 51, 56, 57, 61, 62, 63, 65, 66, 92, 93, 97, 110, 111], "summary": {"covered_lines": 27, "num_statements": 68, "percent_covered": 39.705882352941174, "percent_covered_display": "40", "missing_lines": 41, "excluded_lines": 0}, "missing_lines": [52, 53, 58, 59, 60, 67, 68, 76, 77, 78, 79, 80, 81, 85, 86, 87, 88, 89, 90, 91, 101, 102, 104, 105, 106, 112, 113, 114, 115, 116, 118, 119, 120, 121, 122, 123, 125, 126, 127, 128, 129], "excluded_lines": []}, "": {"executed_lines": [1, 7, 8, 9, 10, 11, 12, 13, 15, 16, 18, 20, 21, 24, 25, 27, 43, 95, 96, 99, 108], "summary": {"covered_lines": 19, "num_statements": 19, "percent_covered": 100.0, "percent_covered_display": "100", "missing_lines": 0, "excluded_lines": 0}, "missing_lines": [], "excluded_lines": []}}}, "src/engines/lstm_model.py": {"executed_lines": [], "summary": {"covered_lines": 0, "num_statements": 15, "percent_covered": 0.0, "percent_covered_display": "0", "missing_lines": 15, "excluded_lines": 0}, "missing_lines": [7, 10, 11, 13, 14, 15, 16, 22, 23, 29, 31, 32, 33, 34, 35], "excluded_lines": [], "functions": {"LSTMAutoencoder.__init__": {"executed_lines": [], "summary": {"covered_lines": 0, "num_statements": 7, "percent_covered": 0.0, "percent_covered_display": "0", "missing_lines": 7, "excluded_lines": 0}, "missing_lines": [13, 14, 15, 16, 22, 23, 29], "excluded_lines": []}, "LSTMAutoencoder.forward": {"executed_lines": [], "summary": {"covered_lines": 0, "num_statements": 4, "percent_covered": 0.0, "percent_covered_display": "0", "missing_lines": 4, "excluded_lines": 0}, "missing_lines": [32, 33, 34, 35], "excluded_lines": []}, "": {"executed_lines": [], "summary": {"covered_lines": 0, "num_statements": 4, "percent_covered": 0.0, "percent_covered_display": "0", "missing_lines": 4, "excluded_lines": 0}, "missing_lines": [7, 10, 11, 31], "excluded_lines": []}}, "classes": {"LSTMAutoencoder": {"executed_lines": [], "summary": {"covered_lines": 0, "num_statements": 11, "percent_covered": 0.0, "percent_covered_display": "0", "missing_lines": 11, "excluded_lines": 0}, "missing_lines": [13, 14, 15, 16, 22, 23, 29, 32, 33, 34, 35], "excluded_lines": []}, "": {"executed_lines": [], "summary": {"covered_lines": 0, "num_statements": 4, "percent_covered": 0.0, "percent_covered_display": "0", "missing_lines": 4, "excluded_lines": 0}, "missing_lines": [7, 10, 11, 31], "excluded_lines": []}}}, "src/engines/protocol.py": {"executed_lines": [1, 12, 15, 16, 17, 19, 20, 22], "summary": {"covered_lines": 6, "num_statements": 6, "percent_covered": 100.0, "percent_covered_display": "100", "missing_lines": 0, "excluded_lines": 0}, "missing_lines": [], "excluded_lines": [], "functions": {"DetectionEngine.is_available": {"executed_lines": [20], "summary": {"covered_lines": 1, "num_statements": 1, "percent_covered": 100.0, "percent_covered_display": "100", "missing_lines": 0, "excluded_lines": 0}, "missing_lines": [], "excluded_lines": []}, "DetectionEngine.anomaly_score": {"executed_lines": [22], "summary": {"covered_lines": 1, "num_statements": 1, "percent_covered": 100.0, "percent_covered_display": "100", "missing_lines": 0, "excluded_lines": 0}, "missing_lines": [], "excluded_lines": []}, "": {"executed_lines": [1, 12, 15, 16, 17, 19], "summary": {"covered_lines": 4, "num_statements": 4, "percent_covered": 100.0, "percent_covered_display": "100", "missing_lines": 0, "excluded_lines": 0}, "missing_lines": [], "excluded_lines": []}}, "classes": {"DetectionEngine": {"executed_lines": [20, 22], "summary": {"covered_lines": 2, "num_statements": 2, "percent_covered": 100.0, "percent_covered_display": "100", "missing_lines": 0, "excluded_lines": 0}, "missing_lines": [], "excluded_lines": []}, "": {"executed_lines": [1, 12, 15, 16, 17, 19], "summary": {"covered_lines": 4, "num_statements": 4, "percent_covered": 100.0, "percent_covered_display": "100", "missing_lines": 0, "excluded_lines": 0}, "missing_lines": [], "excluded_lines": []}}}, "src/engines/registry.py": {"executed_lines": [1, 3, 4, 6, 7, 8, 9, 10, 11, 13, 14, 15, 16, 17, 20, 21, 22], "summary": {"covered_lines": 16, "num_statements": 16, "percent_covered": 100.0, "percent_covered_display": "100", "missing_lines": 0, "excluded_lines": 0}, "missing_lines": [], "excluded_lines": [], "functions": {"": {"executed_lines": [1, 3, 4, 6, 7, 8, 9, 10, 11, 13, 14, 15, 16, 17, 20, 21, 22], "summary": {"covered_lines": 16, "num_statements": 16, "percent_covered": 100.0, "percent_covered_display": "100", "missing_lines": 0, "excluded_lines": 0}, "missing_lines": [], "excluded_lines": []}}, "classes": {"": {"executed_lines": [1, 3, 4, 6, 7, 8, 9, 10, 11, 13, 14, 15, 16, 17, 20, 21, 22], "summary": {"covered_lines": 16, "num_statements": 16, "percent_covered": 100.0, "percent_covered_display": "100", "missing_lines": 0, "excluded_lines": 0}, "missing_lines": [], "excluded_lines": []}}}, "src/engines/rules.py": {"executed_lines": [1, 7, 8, 9, 11, 12, 17, 20, 21, 22, 25, 26, 29, 30, 32, 44, 45, 47, 48, 49, 50, 53, 54, 60, 63, 66, 67, 68, 69, 72, 73, 76, 77, 78, 79, 82, 83, 85, 86], "summary": {"covered_lines": 37, "num_statements": 37, "percent_covered": 100.0, "percent_covered_display": "100", "missing_lines": 0, "excluded_lines": 0}, "missing_lines": [], "excluded_lines": [], "functions": {"RulesEngine.evaluate": {"executed_lines": [44, 45, 47, 48, 49, 50, 53, 54, 60, 63, 66, 67, 68, 69, 72, 73, 76, 77, 78, 79, 82, 83, 85, 86], "summary": {"covered_lines": 24, "num_statements": 24, "percent_covered": 100.0, "percent_covered_display": "100", "missing_lines": 0, "excluded_lines": 0}, "missing_lines": [], "excluded_lines": []}, "": {"executed_lines": [1, 7, 8, 9, 11, 12, 17, 20, 21, 22, 25, 26, 29, 30, 32], "summary": {"covered_lines": 13, "num_statements": 13, "percent_covered": 100.0, "percent_covered_display": "100", "missing_lines": 0, "excluded_lines": 0}, "missing_lines": [], "excluded_lines": []}}, "classes": {"RulesEngine": {"executed_lines": [44, 45, 47, 48, 49, 50, 53, 54, 60, 63, 66, 67, 68, 69, 72, 73, 76, 77, 78, 79, 82, 83, 85, 86], "summary": {"covered_lines": 24, "num_statements": 24, "percent_covered": 100.0, "percent_covered_display": "100", "missing_lines": 0, "excluded_lines": 0}, "missing_lines": [], "excluded_lines": []}, "": {"executed_lines": [1, 7, 8, 9, 11, 12, 17, 20, 21, 22, 25, 26, 29, 30, 32], "summary": {"covered_lines": 13, "num_statements": 13, "percent_covered": 100.0, "percent_covered_display": "100", "missing_lines": 0, "excluded_lines": 0}, "missing_lines": [], "excluded_lines": []}}}, "src/engines/supervised.py": {"executed_lines": [1, 7, 8, 9, 10, 12, 14, 15, 16, 17, 19, 21, 22, 25, 26, 28, 29, 30, 31, 32, 34, 36, 37, 38, 39, 40, 41, 46, 47, 48, 49, 50, 52, 53, 54, 56, 57, 60, 76, 77, 78, 79, 80, 82, 83, 84, 85, 86, 91, 97, 98, 100, 101, 102, 103], "summary": {"covered_lines": 53, "num_statements": 62, "percent_covered": 85.48387096774194, "percent_covered_display": "85", "missing_lines": 9, "excluded_lines": 0}, "missing_lines": [42, 43, 44, 58, 81, 87, 88, 89, 99], "excluded_lines": [], "functions": {"SupervisedEngine.__init__": {"executed_lines": [29, 30, 31, 32], "summary": {"covered_lines": 4, "num_statements": 4, "percent_covered": 100.0, "percent_covered_display": "100", "missing_lines": 0, "excluded_lines": 0}, "missing_lines": [], "excluded_lines": []}, "SupervisedEngine._load": {"executed_lines": [36, 37, 38, 39, 40, 41, 46, 47, 48, 49, 50], "summary": {"covered_lines": 11, "num_statements": 14, "percent_covered": 78.57142857142857, "percent_covered_display": "79", "missing_lines": 3, "excluded_lines": 0}, "missing_lines": [42, 43, 44], "excluded_lines": []}, "SupervisedEngine.is_available": {"executed_lines": [54], "summary": {"covered_lines": 1, "num_statements": 1, "percent_covered": 100.0, "percent_covered_display": "100", "missing_lines": 0, "excluded_lines": 0}, "missing_lines": [], "excluded_lines": []}, "SupervisedEngine.expects_payload_features": {"executed_lines": [], "summary": {"covered_lines": 0, "num_statements": 1, "percent_covered": 0.0, "percent_covered_display": "0", "missing_lines": 1, "excluded_lines": 0}, "missing_lines": [58], "excluded_lines": []}, "SupervisedEngine.predict": {"executed_lines": [76, 77, 78, 79, 80, 82, 83, 84, 85, 86], "summary": {"covered_lines": 10, "num_statements": 14, "percent_covered": 71.42857142857143, "percent_covered_display": "71", "missing_lines": 4, "excluded_lines": 0}, "missing_lines": [81, 87, 88, 89], "excluded_lines": []}, "SupervisedEngine.anomaly_score": {"executed_lines": [97, 98, 100, 101, 102, 103], "summary": {"covered_lines": 6, "num_statements": 7, "percent_covered": 85.71428571428571, "percent_covered_display": "86", "missing_lines": 1, "excluded_lines": 0}, "missing_lines": [99], "excluded_lines": []}, "": {"executed_lines": [1, 7, 8, 9, 10, 12, 14, 15, 16, 17, 19, 21, 22, 25, 26, 28, 34, 52, 53, 56, 57, 60, 91], "summary": {"covered_lines": 21, "num_statements": 21, "percent_covered": 100.0, "percent_covered_display": "100", "missing_lines": 0, "excluded_lines": 0}, "missing_lines": [], "excluded_lines": []}}, "classes": {"SupervisedEngine": {"executed_lines": [29, 30, 31, 32, 36, 37, 38, 39, 40, 41, 46, 47, 48, 49, 50, 54, 76, 77, 78, 79, 80, 82, 83, 84, 85, 86, 97, 98, 100, 101, 102, 103], "summary": {"covered_lines": 32, "num_statements": 41, "percent_covered": 78.04878048780488, "percent_covered_display": "78", "missing_lines": 9, "excluded_lines": 0}, "missing_lines": [42, 43, 44, 58, 81, 87, 88, 89, 99], "excluded_lines": []}, "": {"executed_lines": [1, 7, 8, 9, 10, 12, 14, 15, 16, 17, 19, 21, 22, 25, 26, 28, 34, 52, 53, 56, 57, 60, 91], "summary": {"covered_lines": 21, "num_statements": 21, "percent_covered": 100.0, "percent_covered_display": "100", "missing_lines": 0, "excluded_lines": 0}, "missing_lines": [], "excluded_lines": []}}}, "src/enrichment/__init__.py": {"executed_lines": [0], "summary": {"covered_lines": 0, "num_statements": 0, "percent_covered": 100.0, "percent_covered_display": "100", "missing_lines": 0, "excluded_lines": 0}, "missing_lines": [], "excluded_lines": [], "functions": {"": {"executed_lines": [], "summary": {"covered_lines": 0, "num_statements": 0, "percent_covered": 100.0, "percent_covered_display": "100", "missing_lines": 0, "excluded_lines": 0}, "missing_lines": [], "excluded_lines": []}}, "classes": {"": {"executed_lines": [], "summary": {"covered_lines": 0, "num_statements": 0, "percent_covered": 100.0, "percent_covered_display": "100", "missing_lines": 0, "excluded_lines": 0}, "missing_lines": [], "excluded_lines": []}}}, "src/enrichment/adaptive_weights.py": {"executed_lines": [1, 7, 8, 10, 11, 13, 14, 16, 19, 21, 22, 24, 27, 29, 30, 34, 35, 36, 38, 39, 41, 42, 43, 45, 46, 47, 48, 50, 53, 54, 55, 56, 57, 60, 61, 63, 64], "summary": {"covered_lines": 36, "num_statements": 37, "percent_covered": 97.29729729729729, "percent_covered_display": "97", "missing_lines": 1, "excluded_lines": 0}, "missing_lines": [40], "excluded_lines": [], "functions": {"compute_adaptive_weights": {"executed_lines": [21, 22, 24, 27, 29, 30, 34, 35, 36, 38, 39, 41, 42, 43, 45, 46, 47, 48, 50, 53, 54, 55, 56, 57, 60, 61, 63, 64], "summary": {"covered_lines": 28, "num_statements": 29, "percent_covered": 96.55172413793103, "percent_covered_display": "97", "missing_lines": 1, "excluded_lines": 0}, "missing_lines": [40], "excluded_lines": []}, "": {"executed_lines": [1, 7, 8, 10, 11, 13, 14, 16, 19], "summary": {"covered_lines": 8, "num_statements": 8, "percent_covered": 100.0, "percent_covered_display": "100", "missing_lines": 0, "excluded_lines": 0}, "missing_lines": [], "excluded_lines": []}}, "classes": {"": {"executed_lines": [1, 7, 8, 10, 11, 13, 14, 16, 19, 21, 22, 24, 27, 29, 30, 34, 35, 36, 38, 39, 41, 42, 43, 45, 46, 47, 48, 50, 53, 54, 55, 56, 57, 60, 61, 63, 64], "summary": {"covered_lines": 36, "num_statements": 37, "percent_covered": 97.29729729729729, "percent_covered_display": "97", "missing_lines": 1, "excluded_lines": 0}, "missing_lines": [40], "excluded_lines": []}}}, "src/enrichment/confidence_decay.py": {"executed_lines": [1, 7, 8, 9, 11, 13, 14, 15, 18, 20, 24, 26, 27, 29, 30, 31, 32, 33, 34, 35, 36, 38, 39, 40, 43, 45, 46, 47, 48], "summary": {"covered_lines": 28, "num_statements": 29, "percent_covered": 96.55172413793103, "percent_covered_display": "97", "missing_lines": 1, "excluded_lines": 0}, "missing_lines": [21], "excluded_lines": [], "functions": {"_cleanup_locked": {"executed_lines": [20], "summary": {"covered_lines": 1, "num_statements": 2, "percent_covered": 50.0, "percent_covered_display": "50", "missing_lines": 1, "excluded_lines": 0}, "missing_lines": [21], "excluded_lines": []}, "apply_decay": {"executed_lines": [26, 27, 29, 30, 31, 32, 33, 34, 35, 36, 38, 39, 40], "summary": {"covered_lines": 13, "num_statements": 13, "percent_covered": 100.0, "percent_covered_display": "100", "missing_lines": 0, "excluded_lines": 0}, "missing_lines": [], "excluded_lines": []}, "recent_alert_count": {"executed_lines": [45, 46, 47, 48], "summary": {"covered_lines": 4, "num_statements": 4, "percent_covered": 100.0, "percent_covered_display": "100", "missing_lines": 0, "excluded_lines": 0}, "missing_lines": [], "excluded_lines": []}, "": {"executed_lines": [1, 7, 8, 9, 11, 13, 14, 15, 18, 24, 43], "summary": {"covered_lines": 10, "num_statements": 10, "percent_covered": 100.0, "percent_covered_display": "100", "missing_lines": 0, "excluded_lines": 0}, "missing_lines": [], "excluded_lines": []}}, "classes": {"": {"executed_lines": [1, 7, 8, 9, 11, 13, 14, 15, 18, 20, 24, 26, 27, 29, 30, 31, 32, 33, 34, 35, 36, 38, 39, 40, 43, 45, 46, 47, 48], "summary": {"covered_lines": 28, "num_statements": 29, "percent_covered": 96.55172413793103, "percent_covered_display": "97", "missing_lines": 1, "excluded_lines": 0}, "missing_lines": [21], "excluded_lines": []}}}, "src/enrichment/correlation.py": {"executed_lines": [1, 3, 4, 5, 6, 8, 9, 11, 12, 14, 17], "summary": {"covered_lines": 10, "num_statements": 29, "percent_covered": 34.48275862068966, "percent_covered_display": "34", "missing_lines": 19, "excluded_lines": 0}, "missing_lines": [22, 25, 32, 34, 35, 38, 44, 46, 47, 48, 51, 56, 57, 60, 61, 62, 63, 65, 67], "excluded_lines": [], "functions": {"correlate_alert": {"executed_lines": [], "summary": {"covered_lines": 0, "num_statements": 19, "percent_covered": 0.0, "percent_covered_display": "0", "missing_lines": 19, "excluded_lines": 0}, "missing_lines": [22, 25, 32, 34, 35, 38, 44, 46, 47, 48, 51, 56, 57, 60, 61, 62, 63, 65, 67], "excluded_lines": []}, "": {"executed_lines": [1, 3, 4, 5, 6, 8, 9, 11, 12, 14, 17], "summary": {"covered_lines": 10, "num_statements": 10, "percent_covered": 100.0, "percent_covered_display": "100", "missing_lines": 0, "excluded_lines": 0}, "missing_lines": [], "excluded_lines": []}}, "classes": {"": {"executed_lines": [1, 3, 4, 5, 6, 8, 9, 11, 12, 14, 17], "summary": {"covered_lines": 10, "num_statements": 29, "percent_covered": 34.48275862068966, "percent_covered_display": "34", "missing_lines": 19, "excluded_lines": 0}, "missing_lines": [22, 25, 32, 34, 35, 38, 44, 46, 47, 48, 51, 56, 57, 60, 61, 62, 63, 65, 67], "excluded_lines": []}}}, "src/enrichment/dns_logger.py": {"executed_lines": [1, 3, 4, 5, 7, 9, 11, 14, 15, 16, 19, 21, 22, 23, 25, 26, 29, 30, 31, 33, 40, 42, 45, 46, 47, 49, 51, 54, 56, 59, 61], "summary": {"covered_lines": 30, "num_statements": 35, "percent_covered": 85.71428571428571, "percent_covered_display": "86", "missing_lines": 5, "excluded_lines": 0}, "missing_lines": [24, 27, 41, 43, 48], "excluded_lines": [], "functions": {"extract_dns_query": {"executed_lines": [21, 22, 23, 25, 26, 29, 30, 31, 33, 40, 42, 45, 46, 47, 49, 51], "summary": {"covered_lines": 16, "num_statements": 21, "percent_covered": 76.19047619047619, "percent_covered_display": "76", "missing_lines": 5, "excluded_lines": 0}, "missing_lines": [24, 27, 41, 43, 48], "excluded_lines": []}, "get_dns_log": {"executed_lines": [56], "summary": {"covered_lines": 1, "num_statements": 1, "percent_covered": 100.0, "percent_covered_display": "100", "missing_lines": 0, "excluded_lines": 0}, "missing_lines": [], "excluded_lines": []}, "get_all_logs": {"executed_lines": [61], "summary": {"covered_lines": 1, "num_statements": 1, "percent_covered": 100.0, "percent_covered_display": "100", "missing_lines": 0, "excluded_lines": 0}, "missing_lines": [], "excluded_lines": []}, "": {"executed_lines": [1, 3, 4, 5, 7, 9, 11, 14, 15, 16, 19, 54, 59], "summary": {"covered_lines": 12, "num_statements": 12, "percent_covered": 100.0, "percent_covered_display": "100", "missing_lines": 0, "excluded_lines": 0}, "missing_lines": [], "excluded_lines": []}}, "classes": {"": {"executed_lines": [1, 3, 4, 5, 7, 9, 11, 14, 15, 16, 19, 21, 22, 23, 25, 26, 29, 30, 31, 33, 40, 42, 45, 46, 47, 49, 51, 54, 56, 59, 61], "summary": {"covered_lines": 30, "num_statements": 35, "percent_covered": 85.71428571428571, "percent_covered_display": "86", "missing_lines": 5, "excluded_lines": 0}, "missing_lines": [24, 27, 41, 43, 48], "excluded_lines": []}}}, "src/enrichment/geoip.py": {"executed_lines": [1, 3, 4, 6, 8, 10, 13, 15, 16, 25, 27, 28, 29, 42, 43, 44], "summary": {"covered_lines": 15, "num_statements": 26, "percent_covered": 57.69230769230769, "percent_covered_display": "58", "missing_lines": 11, "excluded_lines": 0}, "missing_lines": [17, 18, 19, 20, 21, 22, 30, 31, 32, 38, 39], "excluded_lines": [], "functions": {"_init": {"executed_lines": [15, 16], "summary": {"covered_lines": 2, "num_statements": 8, "percent_covered": 25.0, "percent_covered_display": "25", "missing_lines": 6, "excluded_lines": 0}, "missing_lines": [17, 18, 19, 20, 21, 22], "excluded_lines": []}, "lookup": {"executed_lines": [27, 28, 29], "summary": {"covered_lines": 3, "num_statements": 8, "percent_covered": 37.5, "percent_covered_display": "38", "missing_lines": 5, "excluded_lines": 0}, "missing_lines": [30, 31, 32, 38, 39], "excluded_lines": []}, "is_enabled": {"executed_lines": [43, 44], "summary": {"covered_lines": 2, "num_statements": 2, "percent_covered": 100.0, "percent_covered_display": "100", "missing_lines": 0, "excluded_lines": 0}, "missing_lines": [], "excluded_lines": []}, "": {"executed_lines": [1, 3, 4, 6, 8, 10, 13, 25, 42], "summary": {"covered_lines": 8, "num_statements": 8, "percent_covered": 100.0, "percent_covered_display": "100", "missing_lines": 0, "excluded_lines": 0}, "missing_lines": [], "excluded_lines": []}}, "classes": {"": {"executed_lines": [1, 3, 4, 6, 8, 10, 13, 15, 16, 25, 27, 28, 29, 42, 43, 44], "summary": {"covered_lines": 15, "num_statements": 26, "percent_covered": 57.69230769230769, "percent_covered_display": "58", "missing_lines": 11, "excluded_lines": 0}, "missing_lines": [17, 18, 19, 20, 21, 22, 30, 31, 32, 38, 39], "excluded_lines": []}}}, "src/enrichment/ip_lists.py": {"executed_lines": [1, 9, 11, 14, 15, 16, 19, 20, 21, 23, 24, 28, 29, 32, 35, 36, 39, 40], "summary": {"covered_lines": 17, "num_statements": 24, "percent_covered": 70.83333333333333, "percent_covered_display": "71", "missing_lines": 7, "excluded_lines": 0}, "missing_lines": [17, 18, 22, 25, 26, 30, 31], "excluded_lines": [], "functions": {"_matches": {"executed_lines": [15, 16, 19, 20, 21, 23, 24, 28, 29, 32], "summary": {"covered_lines": 10, "num_statements": 17, "percent_covered": 58.8235294117647, "percent_covered_display": "59", "missing_lines": 7, "excluded_lines": 0}, "missing_lines": [17, 18, 22, 25, 26, 30, 31], "excluded_lines": []}, "is_allowlisted": {"executed_lines": [36], "summary": {"covered_lines": 1, "num_statements": 1, "percent_covered": 100.0, "percent_covered_display": "100", "missing_lines": 0, "excluded_lines": 0}, "missing_lines": [], "excluded_lines": []}, "is_blocklisted": {"executed_lines": [40], "summary": {"covered_lines": 1, "num_statements": 1, "percent_covered": 100.0, "percent_covered_display": "100", "missing_lines": 0, "excluded_lines": 0}, "missing_lines": [], "excluded_lines": []}, "": {"executed_lines": [1, 9, 11, 14, 35, 39], "summary": {"covered_lines": 5, "num_statements": 5, "percent_covered": 100.0, "percent_covered_display": "100", "missing_lines": 0, "excluded_lines": 0}, "missing_lines": [], "excluded_lines": []}}, "classes": {"": {"executed_lines": [1, 9, 11, 14, 15, 16, 19, 20, 21, 23, 24, 28, 29, 32, 35, 36, 39, 40], "summary": {"covered_lines": 17, "num_statements": 24, "percent_covered": 70.83333333333333, "percent_covered_display": "71", "missing_lines": 7, "excluded_lines": 0}, "missing_lines": [17, 18, 22, 25, 26, 30, 31], "excluded_lines": []}}}, "src/enrichment/mitre.py": {"executed_lines": [1, 7, 10, 29, 46, 48, 49, 51, 52, 53, 54, 55, 56, 59, 61, 62, 63, 64, 65, 66, 67, 68, 69, 70, 71, 74, 76, 77, 78, 79, 80, 81, 82], "summary": {"covered_lines": 32, "num_statements": 32, "percent_covered": 100.0, "percent_covered_display": "100", "missing_lines": 0, "excluded_lines": 0}, "missing_lines": [], "excluded_lines": [], "functions": {"map_attack_type": {"executed_lines": [48, 49, 51, 52, 53, 54, 55, 56], "summary": {"covered_lines": 8, "num_statements": 8, "percent_covered": 100.0, "percent_covered_display": "100", "missing_lines": 0, "excluded_lines": 0}, "missing_lines": [], "excluded_lines": []}, "map_rules": {"executed_lines": [61, 62, 63, 64, 65, 66, 67, 68, 69, 70, 71], "summary": {"covered_lines": 11, "num_statements": 11, "percent_covered": 100.0, "percent_covered_display": "100", "missing_lines": 0, "excluded_lines": 0}, "missing_lines": [], "excluded_lines": []}, "enrich": {"executed_lines": [76, 77, 78, 79, 80, 81, 82], "summary": {"covered_lines": 7, "num_statements": 7, "percent_covered": 100.0, "percent_covered_display": "100", "missing_lines": 0, "excluded_lines": 0}, "missing_lines": [], "excluded_lines": []}, "": {"executed_lines": [1, 7, 10, 29, 46, 59, 74], "summary": {"covered_lines": 6, "num_statements": 6, "percent_covered": 100.0, "percent_covered_display": "100", "missing_lines": 0, "excluded_lines": 0}, "missing_lines": [], "excluded_lines": []}}, "classes": {"": {"executed_lines": [1, 7, 10, 29, 46, 48, 49, 51, 52, 53, 54, 55, 56, 59, 61, 62, 63, 64, 65, 66, 67, 68, 69, 70, 71, 74, 76, 77, 78, 79, 80, 81, 82], "summary": {"covered_lines": 32, "num_statements": 32, "percent_covered": 100.0, "percent_covered_display": "100", "missing_lines": 0, "excluded_lines": 0}, "missing_lines": [], "excluded_lines": []}}}, "src/enrichment/notifications.py": {"executed_lines": [1, 3, 4, 5, 7, 9, 11, 13, 15, 18, 19, 20, 29, 31, 33, 34, 35, 40, 46, 48, 49, 50, 52, 53, 55, 56, 58, 60, 62, 63, 72, 73, 74, 78, 84, 85], "summary": {"covered_lines": 35, "num_statements": 42, "percent_covered": 83.33333333333333, "percent_covered_display": "83", "missing_lines": 7, "excluded_lines": 0}, "missing_lines": [32, 41, 42, 43, 79, 80, 81], "excluded_lines": [], "functions": {"_format_message": {"executed_lines": [19, 20], "summary": {"covered_lines": 2, "num_statements": 2, "percent_covered": 100.0, "percent_covered_display": "100", "missing_lines": 0, "excluded_lines": 0}, "missing_lines": [], "excluded_lines": []}, "_send_telegram": {"executed_lines": [31, 33, 34, 35, 40], "summary": {"covered_lines": 5, "num_statements": 9, "percent_covered": 55.55555555555556, "percent_covered_display": "56", "missing_lines": 4, "excluded_lines": 0}, "missing_lines": [32, 41, 42, 43], "excluded_lines": []}, "notify_alert": {"executed_lines": [48, 49, 50, 52, 53, 55, 56, 58, 60, 62, 63, 72, 73, 74, 78, 84, 85], "summary": {"covered_lines": 17, "num_statements": 20, "percent_covered": 85.0, "percent_covered_display": "85", "missing_lines": 3, "excluded_lines": 0}, "missing_lines": [79, 80, 81], "excluded_lines": []}, "": {"executed_lines": [1, 3, 4, 5, 7, 9, 11, 13, 15, 18, 29, 46], "summary": {"covered_lines": 11, "num_statements": 11, "percent_covered": 100.0, "percent_covered_display": "100", "missing_lines": 0, "excluded_lines": 0}, "missing_lines": [], "excluded_lines": []}}, "classes": {"": {"executed_lines": [1, 3, 4, 5, 7, 9, 11, 13, 15, 18, 19, 20, 29, 31, 33, 34, 35, 40, 46, 48, 49, 50, 52, 53, 55, 56, 58, 60, 62, 63, 72, 73, 74, 78, 84, 85], "summary": {"covered_lines": 35, "num_statements": 42, "percent_covered": 83.33333333333333, "percent_covered_display": "83", "missing_lines": 7, "excluded_lines": 0}, "missing_lines": [32, 41, 42, 43, 79, 80, 81], "excluded_lines": []}}}, "src/enrichment/suppression.py": {"executed_lines": [1, 10, 11, 12, 13, 15, 16, 18, 20, 22, 23, 24, 27, 41, 47, 71], "summary": {"covered_lines": 15, "num_statements": 44, "percent_covered": 34.09090909090909, "percent_covered_display": "34", "missing_lines": 29, "excluded_lines": 0}, "missing_lines": [29, 30, 31, 32, 37, 38, 44, 49, 51, 52, 53, 54, 55, 56, 57, 58, 59, 60, 63, 64, 65, 66, 67, 68, 73, 74, 77, 78, 79], "excluded_lines": [], "functions": {"_refresh_cache": {"executed_lines": [], "summary": {"covered_lines": 0, "num_statements": 6, "percent_covered": 0.0, "percent_covered_display": "0", "missing_lines": 6, "excluded_lines": 0}, "missing_lines": [29, 30, 31, 32, 37, 38], "excluded_lines": []}, "invalidate_cache": {"executed_lines": 
[...]
7, 418, 419, 422, 424, 425, 427, 428, 429, 433, 434], "summary": {"covered_lines": 35, "num_statements": 68, "percent_covered": 51.470588235294116, "percent_covered_display": "51", "missing_lines": 33, "excluded_lines": 0}, "missing_lines": [345, 346, 347, 348, 349, 350, 352, 353, 354, 355, 357, 358, 359, 361, 362, 363, 364, 365, 367, 368, 369, 370, 371, 372, 384, 385, 386, 387, 388, 390, 391, 392, 423], "excluded_lines": []}, "": {"executed_lines": [1, 10, 11, 12, 13, 14, 15, 16, 18, 20, 22, 28, 55, 58, 59, 60, 62, 63, 64, 67, 68, 69, 70, 73, 74, 77, 78, 79, 80, 81, 82, 83, 84, 87, 88, 89, 90, 93, 94, 97, 100, 103, 104, 105, 106, 109, 110, 111, 112, 113, 114, 115, 116, 117, 118, 120, 210, 326, 327, 330, 331, 335, 336, 338, 344, 374, 410, 421, 431, 432], "summary": {"covered_lines": 67, "num_statements": 67, "percent_covered": 100.0, "percent_covered_display": "100", "missing_lines": 0, "excluded_lines": 0}, "missing_lines": [], "excluded_lines": []}}}, "src/features/host_extractor.py": {"executed_lines": [1, 7, 8, 9, 10, 11, 12, 14, 16, 17, 19, 34, 39, 40, 41, 42, 43, 44, 45, 47, 48, 49, 50, 51, 52, 54, 55, 56, 58, 59, 60, 61, 62, 64, 65, 66, 67, 68, 69, 70, 73, 75, 80, 81, 84, 85, 87, 88, 89, 91, 92, 94, 95, 96, 97, 98, 99, 100, 102, 103, 104, 105, 106, 107, 108, 110, 124, 125, 129, 130, 131, 134, 135, 136, 137, 138, 141, 142, 143, 144, 145, 148, 149, 152, 153, 154, 155, 158, 159, 160, 161, 162, 163, 168, 169, 170, 171, 172, 173, 174, 176, 185, 186, 189, 190, 192, 193, 194], "summary": {"covered_lines": 106, "num_statements": 118, "percent_covered": 89.83050847457628, "percent_covered_display": "90", "missing_lines": 12, "excluded_lines": 0}, "missing_lines": [36, 71, 72, 76, 77, 78, 93, 126, 127, 147, 165, 187], "excluded_lines": [], "functions": {"_entropy": {"executed_lines": [], "summary": {"covered_lines": 0, "num_statements": 1, "percent_covered": 0.0, "percent_covered_display": "0", "missing_lines": 1, "excluded_lines": 0}, "missing_lines": [36], "excluded_lines": []}, "HostHistory.add_packet": {"executed_lines": [55, 56, 58, 59, 60, 61, 62, 64, 65, 66, 67, 68, 69, 70, 73, 75, 80, 81], "summary": {"covered_lines": 18, "num_statements": 23, "percent_covered": 78.26086956521739, "percent_covered_display": "78", "missing_lines": 5, "excluded_lines": 0}, "missing_lines": [71, 72, 76, 77, 78], "excluded_lines": []}, "HostExtractor.__init__": {"executed_lines": [88, 89], "summary": {"covered_lines": 2, "num_statements": 2, "percent_covered": 100.0, "percent_covered_display": "100", "missing_lines": 0, "excluded_lines": 0}, "missing_lines": [], "excluded_lines": []}, "HostExtractor.process_packet": {"executed_lines": [92, 94, 95, 96, 97, 98, 99, 100], "summary": {"covered_lines": 8, "num_statements": 9, "percent_covered": 88.88888888888889, "percent_covered_display": "89", "missing_lines": 1, "excluded_lines": 0}, "missing_lines": [93], "excluded_lines": []}, "HostExtractor.extract_features": {"executed_lines": [103, 104, 105, 106, 107, 108, 110, 124, 125], "summary": {"covered_lines": 9, "num_statements": 11, "percent_covered": 81.81818181818181, "percent_covered_display": "82", "missing_lines": 2, "excluded_lines": 0}, "missing_lines": [126, 127], "excluded_lines": []}, "HostExtractor._compute": {"executed_lines": [130, 131, 134, 135, 136, 137, 138, 141, 142, 143, 144, 145, 148, 149, 152, 153, 154, 155, 158, 159, 160, 161, 162, 163, 168, 169, 170, 171, 172, 173, 174, 176], "summary": {"covered_lines": 32, "num_statements": 34, "percent_covered": 94.11764705882354, "percent_covered_display": "94", "missing_lines": 2, "excluded_lines": 0}, "missing_lines": [147, 165], "excluded_lines": []}, "HostExtractor._evict_least_active": {"executed_lines": [186, 189, 190], "summary": {"covered_lines": 3, "num_statements": 4, "percent_covered": 75.0, "percent_covered_display": "75", "missing_lines": 1, "excluded_lines": 0}, "missing_lines": [187], "excluded_lines": []}, "HostExtractor.tracked_ips": {"executed_lines": [193, 194], "summary": {"covered_lines": 2, "num_statements": 2, "percent_covered": 100.0, "percent_covered_display": "100", "missing_lines": 0, "excluded_lines": 0}, "missing_lines": [], "excluded_lines": []}, "": {"executed_lines": [1, 7, 8, 9, 10, 11, 12, 14, 16, 17, 19, 34, 39, 40, 41, 42, 43, 44, 45, 47, 48, 49, 50, 51, 52, 54, 84, 85, 87, 91, 102, 129, 185, 192], "summary": {"covered_lines": 32, "num_statements": 32, "percent_covered": 100.0, "percent_covered_display": "100", "missing_lines": 0, "excluded_lines": 0}, "missing_lines": [], "excluded_lines": []}}, "classes": {"HostHistory": {"executed_lines": [55, 56, 58, 59, 60, 61, 62, 64, 65, 66, 67, 68, 69, 70, 73, 75, 80, 81], "summary": {"covered_lines": 18, "num_statements": 23, "percent_covered": 78.26086956521739, "percent_covered_display": "78", "missing_lines": 5, "excluded_lines": 0}, "missing_lines": [71, 72, 76, 77, 78], "excluded_lines": []}, "HostExtractor": {"executed_lines": [88, 89, 92, 94, 95, 96, 97, 98, 99, 100, 103, 104, 105, 106, 107, 108, 110, 124, 125, 130, 131, 134, 135, 136, 137, 138, 141, 142, 143, 144, 145, 148, 149, 152, 153, 154, 155, 158, 159, 160, 161, 162, 163, 168, 169, 170, 171, 172, 173, 174, 176, 186, 189, 190, 193, 194], "summary": {"covered_lines": 56, "num_statements": 62, "percent_covered": 90.3225806451613, "percent_covered_display": "90", "missing_lines": 6, "excluded_lines": 0}, "missing_lines": [93, 126, 127, 147, 165, 187], "excluded_lines": []}, "": {"executed_lines": [1, 7, 8, 9, 10, 11, 12, 14, 16, 17, 19, 34, 39, 40, 41, 42, 43, 44, 45, 47, 48, 49, 50, 51, 52, 54, 84, 85, 87, 91, 102, 129, 185, 192], "summary": {"covered_lines": 32, "num_statements": 33, "percent_covered": 96.96969696969697, "percent_covered_display": "97", "missing_lines": 1, "excluded_lines": 0}, "missing_lines": [36], "excluded_lines": []}}}, "src/features/ja3.py": {"executed_lines": [1, 9, 10, 11, 12, 14, 16, 19, 20, 23, 29, 32, 34, 35, 36, 37, 38, 39, 40, 41, 42, 45, 47, 48, 49, 50, 51, 53, 54, 55, 57, 59, 60, 61, 63, 64, 65, 68, 70, 73, 75, 76, 79, 81, 82, 83, 84, 85, 87, 88, 89, 90, 93, 95, 96, 99, 100, 101, 103, 104, 105, 106, 108, 109, 110, 111, 113, 114, 116, 119, 120, 121, 122, 123, 124, 125, 128, 129, 130, 131, 133, 135, 144, 149, 150, 152, 153, 154, 155, 157, 165, 166, 169, 171], "summary": {"covered_lines": 93, "num_statements": 99, "percent_covered": 93.93939393939394, "percent_covered_display": "94", "missing_lines": 6, "excluded_lines": 0}, "missing_lines": [58, 66, 74, 80, 86, 94], "excluded_lines": [], "functions": {"load_malicious_ja3": {"executed_lines": [34, 35, 36, 37, 38, 39, 40, 41, 42], "summary": {"covered_lines": 9, "num_statements": 9, "percent_covered": 100.0, "percent_covered_display": "100", "missing_lines": 0, "excluded_lines": 0}, "missing_lines": [], "excluded_lines": []}, "_parse_client_hello": {"executed_lines": [47, 48, 49, 50, 51, 53, 54, 55, 57, 59, 60, 61, 63, 64, 65, 68, 70, 73, 75, 76, 79, 81, 82, 83, 84, 85, 87, 88, 89, 90, 93, 95, 96, 99, 100, 101, 103, 104, 105, 106, 108, 109, 110, 111, 113, 114, 116, 119, 120, 121, 122, 123, 124, 125, 128, 129, 130, 131, 133, 135], "summary": {"covered_lines": 60, "num_statements": 66, "percent_covered": 90.9090909090909, "percent_covered_display": "91", "missing_lines": 6, "excluded_lines": 0}, "missing_lines": [58, 66, 74, 80, 86, 94], "excluded_lines": []}, "extract_ja3": {"executed_lines": [149, 150, 152, 153, 154, 155, 157, 165, 166], "summary": {"covered_lines": 9, "num_statements": 9, "percent_covered": 100.0, "percent_covered_display": "100", "missing_lines": 0, "excluded_lines": 0}, "missing_lines": [], "excluded_lines": []}, "is_malicious_ja3": {"executed_lines": [171], "summary": {"covered_lines": 1, "num_statements": 1, "percent_covered": 100.0, "percent_covered_display": "100", "missing_lines": 0, "excluded_lines": 0}, "missing_lines": [], "excluded_lines": []}, "": {"executed_lines": [1, 9, 10, 11, 12, 14, 16, 19, 20, 23, 29, 32, 45, 144, 169], "summary": {"covered_lines": 14, "num_statements": 14, "percent_covered": 100.0, "percent_covered_display": "100", "missing_lines": 0, "excluded_lines": 0}, "missing_lines": [], "excluded_lines": []}}, "classes": {"": {"executed_lines": [1, 9, 10, 11, 12, 14, 16, 19, 20, 23, 29, 32, 34, 35, 36, 37, 38, 39, 40, 41, 42, 45, 47, 48, 49, 50, 51, 53, 54, 55, 57, 59, 60, 61, 63, 64, 65, 68, 70, 73, 75, 76, 79, 81, 82, 83, 84, 85, 87, 88, 89, 90, 93, 95, 96, 99, 100, 101, 103, 104, 105, 106, 108, 109, 110, 111, 113, 114, 116, 119, 120, 121, 122, 123, 124, 125, 128, 129, 130, 131, 133, 135, 144, 149, 150, 152, 153, 154, 155, 157, 165, 166, 169, 171], "summary": {"covered_lines": 93, "num_statements": 99, "percent_covered": 93.93939393939394, "percent_covered_display": "94", "missing_lines": 6, "excluded_lines": 0}, "missing_lines": [58, 66, 74, 80, 86, 94], "excluded_lines": []}}}, "src/features/payload_analyzer.py": {"executed_lines": [1, 7, 8, 9, 10, 11, 15, 25, 27, 33, 36, 38, 39, 40, 41, 44, 46, 48, 49, 50, 51, 52, 55, 58, 60, 63, 65, 67, 68, 71, 80, 81, 82, 85, 86, 87, 88, 89, 90, 91, 92, 97, 98, 101, 104, 107, 110, 111, 113], "summary": {"covered_lines": 48, "num_statements": 55, "percent_covered": 87.27272727272727, "percent_covered_display": "87", "missing_lines": 7, "excluded_lines": 0}, "missing_lines": [42, 47, 53, 54, 66, 93, 94], "excluded_lines": [], "functions": {"analyze_payload": {"executed_lines": [38, 39, 40, 41, 44, 46, 48, 49, 50, 51, 52, 55], "summary": {"covered_lines": 12, "num_statements": 16, "percent_covered": 75.0, "percent_covered_display": "75", "missing_lines": 4, "excluded_lines": 0}, "missing_lines": [42, 47, 53, 54], "excluded_lines": []}, "_entropy": {"executed_lines": [60], "summary": {"covered_lines": 1, "num_statements": 1, "percent_covered": 100.0, "percent_covered_display": "100", "missing_lines": 0, "excluded_lines": 0}, "missing_lines": [], "excluded_lines": []}, "_suspicious_char_ratio": {"executed_lines": [65, 67, 68], "summary": {"covered_lines": 3, "num_statements": 4, "percent_covered": 75.0, "percent_covered_display": "75", "missing_lines": 1, "excluded_lines": 0}, "missing_lines": [66], "excluded_lines": []}, "extract_payload_features": {"executed_lines": [80, 81, 82, 85, 86, 87, 88, 89, 90, 91, 92, 97, 98, 101, 104, 107, 110, 111, 113], "summary": {"covered_lines": 19, "num_statements": 21, "percent_covered": 90.47619047619048, "percent_covered_display": "90", "missing_lines": 2, "excluded_lines": 0}, "missing_lines": [93, 94], "excluded_lines": []}, "": {"executed_lines": [1, 7, 8, 9, 10, 11, 15, 25, 27, 33, 36, 58, 63, 71], "summary": {"covered_lines": 13, "num_statements": 13, "percent_covered": 100.0, "percent_covered_display": "100", "missing_lines": 0, "excluded_lines": 0}, "missing_lines": [], "excluded_lines": []}}, "classes": {"": {"executed_lines": [1, 7, 8, 9, 10, 11, 15, 25, 27, 33, 36, 38, 39, 40, 41, 44, 46, 48, 49, 50, 51, 52, 55, 58, 60, 63, 65, 67, 68, 71, 80, 81, 82, 85, 86, 87, 88, 89, 90, 91, 92, 97, 98, 101, 104, 107, 110, 111, 113], "summary": {"covered_lines": 48, "num_statements": 55, "percent_covered": 87.27272727272727, "percent_covered_display": "87", "missing_lines": 7, "excluded_lines": 0}, "missing_lines": [42, 47, 53, 54, 66, 93, 94], "excluded_lines": []}}}, "src/features/utils.py": {"executed_lines": [1, 3, 6, 8, 10, 11, 12, 13], "summary": {"covered_lines": 7, "num_statements": 8, "percent_covered": 87.5, "percent_covered_display": "88", "missing_lines": 1, "excluded_lines": 0}, "missing_lines": [9], "excluded_lines": [], "functions": {"byte_entropy": {"executed_lines": [8, 10, 11, 12, 13], "summary": {"covered_lines": 5, "num_statements": 6, "percent_covered": 83.33333333333333, "percent_covered_display": "83", "missing_lines": 1, "excluded_lines": 0}, "missing_lines": [9], "excluded_lines": []}, "": {"executed_lines": [1, 3, 6], "summary": {"covered_lines": 2, "num_statements": 2, "percent_covered": 100.0, "percent_covered_display": "100", "missing_lines": 0, "excluded_lines": 0}, "missing_lines": [], "excluded_lines": []}}, "classes": {"": {"executed_lines": [1, 3, 6, 8, 10, 11, 12, 13], "summary": {"covered_lines": 7, "num_statements": 8, "percent_covered": 87.5, "percent_covered_display": "88", "missing_lines": 1, "excluded_lines": 0}, "missing_lines": [9], "excluded_lines": []}}}, "src/mlflow_registry.py": {"executed_lines": [1, 7, 8, 9, 11, 13, 15, 18, 21, 22, 23, 24, 27, 30, 31, 34, 36, 37, 38, 39, 45, 65, 67, 68, 69, 80, 100, 102, 103, 104], "summary": {"covered_lines": 29, "num_statements": 76, "percent_covered": 38.1578947368421, "percent_covered_display": "38", "missing_lines": 47, "excluded_lines": 0}, "missing_lines": [25, 26, 40, 41, 42, 47, 48, 49, 50, 51, 52, 53, 54, 58, 59, 60, 61, 62, 70, 71, 72, 73, 74, 75, 76, 77, 82, 83, 84, 85, 86, 87, 88, 89, 93, 94, 95, 96, 97, 105, 106, 107, 108, 109, 110, 111, 112], "excluded_lines": [], "functions": {"_get_mlflow": {"executed_lines": [21, 22, 23, 24, 27], "summary": {"covered_lines": 5, "num_statements": 7, "percent_covered": 71.42857142857143, "percent_covered_display": "71", "missing_lines": 2, "excluded_lines": 0}, "missing_lines": [25, 26], "excluded_lines": []}, "is_enabled": {"executed_lines": [31], "summary": {"covered_lines": 1, "num_statements": 1, "percent_covered": 100.0, "percent_covered_display": "100", "missing_lines": 0, "excluded_lines": 0}, "missing_lines": [], "excluded_lines": []}, "init": {"executed_lines": [36, 37, 38, 39], "summary": {"covered_lines": 4, "num_statements": 7, "percent_covered": 57.142857142857146, "percent_covered_display": "57", "missing_lines": 3, "excluded_lines": 0}, "missing_lines": [40, 41, 42], "excluded_lines": []}, "log_model": {"executed_lines": [], "summary": {"covered_lines": 0, "num_statements": 13, "percent_covered": 0.0, "percent_covered_display": "0", "missing_lines": 13, "excluded_lines": 0}, "missing_lines": [47, 48, 49, 50, 51, 52, 53, 54, 58, 59, 60, 61, 62], "excluded_lines": []}, "load_latest": {"executed_lines": [67, 68, 69], "summary": {"covered_lines": 3, "num_statements": 11, "percent_covered": 27.272727272727273, "percent_covered_display": "27", "missing_lines": 8, "excluded_lines": 0}, "missing_lines": [70, 71, 72, 73, 74, 75, 76, 77], "excluded_lines": []}, "log_pytorch_model": {"executed_lines": [], "summary": {"covered_lines": 0, "num_statements": 13, "percent_covered": 0.0, "percent_covered_display": "0", "missing_lines": 13, "excluded_lines": 0}, "missing_lines": [82, 83, 84, 85, 86, 87, 88, 89, 93, 94, 95, 96, 97], "excluded_lines": []}, "load_latest_pytorch": {"executed_lines": [102, 103, 104], "summary": {"covered_lines": 3, "num_statements": 11, "percent_covered": 27.272727272727273, "percent_covered_display": "27", "missing_lines": 8, "excluded_lines": 0}, "missing_lines": [105, 106, 107, 108, 109, 110, 111, 112], "excluded_lines": []}, "": {"executed_lines": [1, 7, 8, 9, 11, 13, 15, 18, 30, 34, 45, 65, 80, 100], "summary": {"covered_lines": 13, "num_statements": 13, "percent_covered": 100.0, "percent_covered_display": "100", "missing_lines": 0, "excluded_lines": 0}, "missing_lines": [], "excluded_lines": []}}, "classes": {"": {"executed_lines": [1, 7, 8, 9, 11, 13, 15, 18, 21, 22, 23, 24, 27, 30, 31, 34, 36, 37, 38, 39, 45, 65, 67, 68, 69, 80, 100, 102, 103, 104], "summary": {"covered_lines": 29, "num_statements": 76, "percent_covered": 38.1578947368421, "percent_covered_display": "38", "missing_lines": 47, "excluded_lines": 0}, "missing_lines": [25, 26, 40, 41, 42, 47, 48, 49, 50, 51, 52, 53, 54, 58, 59, 60, 61, 62, 70, 71, 72, 73, 74, 75, 76, 77, 82, 83, 84, 85, 86, 87, 88, 89, 93, 94, 95, 96, 97, 105, 106, 107, 108, 109, 110, 111, 112], "excluded_lines": []}}}, "src/pipeline.py": {"executed_lines": [], "summary": {"covered_lines": 0, "num_statements": 131, "percent_covered": 0.0, "percent_covered_display": "0", "missing_lines": 131, "excluded_lines": 0}, "missing_lines": [7, 8, 9, 10, 11, 12, 13, 15, 18, 19, 20, 22, 25, 26, 27, 28, 29, 32, 34, 35, 36, 37, 38, 39, 40, 41, 42, 45, 46, 47, 48, 49, 50, 51, 52, 53, 54, 55, 56, 57, 58, 59, 60, 79, 80, 82, 83, 84, 86, 89, 91, 92, 93, 94, 95, 98, 99, 100, 101, 102, 103, 107, 108, 109, 112, 113, 114, 115, 116, 117, 118, 119, 120, 121, 122, 123, 124, 127, 128, 129, 130, 131, 132, 133, 134, 138, 139, 142, 151, 152, 154, 156, 157, 158, 159, 160, 161, 162, 164, 165, 166, 167, 168, 169, 171, 172, 173, 175, 177, 178, 180, 181, 182, 183, 184, 185, 186, 187, 188, 189, 190, 191, 193, 199, 200, 201, 202, 203, 204, 206, 215], "excluded_lines": [], "functions": {"_init_db": {"executed_lines": [], "summary": {"covered_lines": 0, "num_statements": 9, "percent_covered": 0.0, "percent_covered_display": "0", "missing_lines": 9, "excluded_lines": 0}, "missing_lines": [34, 35, 36, 37, 38, 39, 40, 41, 42], "excluded_lines": []}, "_writer_loop": {"executed_lines": [], "summary": {"covered_lines": 0, "num_statements": 21, "percent_covered": 0.0, "percent_covered_display": "0", "missing_lines": 21, "excluded_lines": 0}, "missing_lines": [46, 47, 48, 49, 50, 51, 52, 53, 54, 55, 56, 57, 58, 59, 60, 79, 80, 82, 83, 84, 86], "excluded_lines": []}, "_start_writer": {"executed_lines": [], "summary": {"covered_lines": 0, "num_statements": 5, "percent_covered": 0.0, "percent_covered_display": "0", "missing_lines": 5, "excluded_lines": 0}, "missing_lines": [91, 92, 93, 94, 95], "excluded_lines": []}, "_persist_alert": {"executed_lines": [], "summary": {"covered_lines": 0, "num_statements": 5, "percent_covered": 0.0, "percent_covered_display": "0", "missing_lines": 5, "excluded_lines": 0}, "missing_lines": [99, 100, 101, 102, 103], "excluded_lines": []}, "_resolve_hostname": {"executed_lines": [], "summary": {"covered_lines": 0, "num_statements": 12, "percent_covered": 0.0, "percent_covered_display": "0", "missing_lines": 12, "excluded_lines": 0}, "missing_lines": [113, 114, 115, 116, 117, 118, 119, 120, 121, 122, 123, 124], "excluded_lines": []}, "_is_trusted_outbound": {"executed_lines": [], "summary": {"covered_lines": 0, "num_statements": 7, "percent_covered": 0.0, "percent_covered_display": "0", "missing_lines": 7, "excluded_lines": 0}, "missing_lines": [128, 129, 130, 131, 132, 133, 134], "excluded_lines": []}, "on_flow_complete": {"executed_lines": [], "summary": {"covered_lines": 0, "num_statements": 43, "percent_covered": 0.0, "percent_covered_display": "0", "missing_lines": 43, "excluded_lines": 0}, "missing_lines": [151, 152, 154, 156, 157, 158, 159, 160, 161, 162, 164, 165, 166, 167, 168, 169, 171, 172, 173, 175, 177, 178, 180, 181, 182, 183, 184, 185, 186, 187, 188, 189, 190, 191, 193, 199, 200, 201, 202, 203, 204, 206, 215], "excluded_lines": []}, "": {"executed_lines": [], "summary": {"covered_lines": 0, "num_statements": 29, "percent_covered": 0.0, "percent_covered_display": "0", "missing_lines": 29, "excluded_lines": 0}, "missing_lines": [7, 8, 9, 10, 11, 12, 13, 15, 18, 19, 20, 22, 25, 26, 27, 28, 29, 32, 45, 89, 98, 107, 108, 109, 112, 127, 138, 139, 142], "excluded_lines": []}}, "classes": {"": {"executed_lines": [], "summary": {"covered_lines": 0, "num_statements": 131, "percent_covered": 0.0, "percent_covered_display": "0", "missing_lines": 131, "excluded_lines": 0}, "missing_lines": [7, 8, 9, 10, 11, 12, 13, 15, 18, 19, 20, 22, 25, 26, 27, 28, 29, 32, 34, 35, 36, 37, 38, 39, 40, 41, 42, 45, 46, 47, 48, 49, 50, 51, 52, 53, 54, 55, 56, 57, 58, 59, 60, 79, 80, 82, 83, 84, 86, 89, 91, 92, 93, 94, 95, 98, 99, 100, 101, 102, 103, 107, 108, 109, 112, 113, 114, 115, 116, 117, 118, 119, 120, 121, 122, 123, 124, 127, 128, 129, 130, 131, 132, 133, 134, 138, 139, 142, 151, 152, 154, 156, 157, 158, 159, 160, 161, 162, 164, 165, 166, 167, 168, 169, 171, 172, 173, 175, 177, 178, 180, 181, 182, 183, 184, 185, 186, 187, 188, 189, 190, 191, 193, 199, 200, 201, 202, 203, 204, 206, 215], "excluded_lines": []}}}}, "totals": {"covered_lines": 1506, "num_statements": 2434, "percent_covered": 61.873459326212, "percent_covered_display": "62", "missing_lines": 928, "excluded_lines": 0}}